ER - INFO - Iniciando scraping para Cadíz para el 2025-05-29
2025-05-27 21:29:04,796 - SCRAPER - INFO - Obteniendo resultados de dest_id 747 (Cadíz) el 2025-05-29...
2025-05-27 21:29:06,421 - SCRAPER - INFO - Encontrados 26 hoteles en la página de resultados de búsqueda de Cadíz.
2025-05-27 21:30:20,288 - SCRAPER - INFO - Fin de scraping para Cadíz para el 2025-05-29. Guardado en /data/out/cadíz_20250529.ndjson
2025-05-27 21:30:20,288 - SCRAPER - INFO - Iniciando scraping para Cadíz para el 2025-05-30
2025-05-27 21:30:20,651 - SCRAPER - INFO - Obteniendo resultados de dest_id 747 (Cadíz) el 2025-05-30...
2025-05-27 21:30:22,771 - SCRAPER - INFO - Encontrados 26 hoteles en la página de resultados de búsqueda de Cadíz.
2025-05-27 21:31:37,409 - SCRAPER - INFO - Fin de scraping para Cadíz para el 2025-05-30. Guardado en /data/out/cadíz_20250530.ndjson
2025-05-27 21:31:37,409 - SCRAPER - INFO - Iniciando scraping para Cadíz para el 2025-05-31
2025-05-27 21:31:37,734 - SCRAPER - INFO - Obteniendo resultados de dest_id 747 (Cadíz) el 2025-05-31...
2025-05-27 21:31:39,397 - SCRAPER - INFO - Encontrados 26 hoteles en la página de resultados de búsqueda de Cadíz.
2025-05-27 21:32:50,703 - SCRAPER - INFO - Fin de scraping para Cadíz para el 2025-05-31. Guardado en /data/out/cadíz_20250531.ndjson
2025-05-27 21:32:50,703 - SCRAPER - INFO - Iniciando scraping para Cadíz para el 2025-06-01
2025-05-27 21:32:51,222 - SCRAPER - INFO - Obteniendo resultados de dest_id 747 (Cadíz) el 2025-06-01...
2025-05-27 21:32:52,890 - SCRAPER - INFO - Encontrados 26 hoteles en la página de resultados de búsqueda de Cadíz.
2025-05-27 21:34:05,873 - SCRAPER - INFO - Fin de scraping para Cadíz para el 2025-06-01. Guardado en /data/out/cadíz_20250601.ndjson
2025-05-27 21:34:05,873 - SCRAPER - INFO - Iniciando scraping para Cadíz para el 2025-06-02
2025-05-27 21:34:06,192 - SCRAPER - INFO - Obteniendo resultados de dest_id 747 (Cadíz) el 2025-06-02...
2025-05-27 21:34:07,885 - SCRAPER - INFO - Encontrados 26 hoteles en la página de resultados de búsqueda de Cadíz.
2025-05-27 21:35:20,395 - SCRAPER - INFO - Fin de scraping para Cadíz para el 2025-06-02. Guardado en /data/out/cadíz_20250602.ndjson
2025-05-27 21:35:20,395 - SCRAPER - INFO - Iniciando scraping para Cadíz para el 2025-06-03
2025-05-27 21:35:20,750 - SCRAPER - INFO - Obteniendo resultados de dest_id 747 (Cadíz) el 2025-06-03...
2025-05-27 21:35:22,271 - SCRAPER - INFO - Encontrados 26 hoteles en la página de resultados de búsqueda de Cadíz.
2025-05-27 21:36:34,670 - SCRAPER - INFO - Fin de scraping para Cadíz para el 2025-06-03. Guardado en /data/out/cadíz_20250603.ndjson
2025-05-27 21:36:34,670 - SCRAPER - INFO - Iniciando scraping para Cadíz para el 2025-06-04
2025-05-27 21:36:35,260 - SCRAPER - INFO - Obteniendo resultados de dest_id 747 (Cadíz) el 2025-06-04...
2025-05-27 21:36:37,004 - SCRAPER - INFO - Encontrados 26 hoteles en la página de resultados de búsqueda de Cadíz.
2025-05-27 21:37:55,591 - SCRAPER - INFO - Fin de scraping para Cadíz para el 2025-06-04. Guardado en /data/out/cadíz_20250604.ndjson
2025-05-27 21:37:55,591 - SCRAPER - INFO - Iniciando scraping para Cadíz para el 2025-06-05
2025-05-27 21:37:55,961 - SCRAPER - INFO - Obteniendo resultados de dest_id 747 (Cadíz) el 2025-06-05...
2025-05-27 21:37:57,620 - SCRAPER - INFO - Encontrados 26 hoteles en la página de resultados de búsqueda de Cadíz.
2025-05-27 21:39:15,834 - SCRAPER - INFO - Fin de scraping para Cadíz para el 2025-06-05. Guardado en /data/out/cadíz_20250605.ndjson
2025-05-27 21:39:15,834 - SCRAPER - INFO - Iniciando scraping para Cadíz para el 2025-06-06
2025-05-27 21:39:16,279 - SCRAPER - INFO - Obteniendo resultados de dest_id 747 (Cadíz) el 2025-06-06...
2025-05-27 21:39:17,986 - SCRAPER - INFO - Encontrados 26 hoteles en la página de resultados de búsqueda de Cadíz.
2025-05-27 21:40:29,908 - SCRAPER - INFO - Fin de scraping para Cadíz para el 2025-06-06. Guardado en /data/out/cadíz_20250606.ndjson
2025-05-27 21:40:29,908 - SCRAPER - INFO - Iniciando scraping para Cadíz para el 2025-06-07
2025-05-27 21:40:30,281 - SCRAPER - INFO - Obteniendo resultados de dest_id 747 (Cadíz) el 2025-06-07...
2025-05-27 21:40:32,109 - SCRAPER - INFO - Encontrados 25 hoteles en la página de resultados de búsqueda de Cadíz.
2025-05-27 21:41:41,019 - SCRAPER - INFO - Fin de scraping para Cadíz para el 2025-06-07. Guardado en /data/out/cadíz_20250607.ndjson
2025-05-27 21:41:41,019 - SCRAPER - INFO - Iniciando scraping para Cadíz para el 2025-06-08
2025-05-27 21:41:41,453 - SCRAPER - INFO - Obteniendo resultados de dest_id 747 (Cadíz) el 2025-06-08...
2025-05-27 21:41:43,119 - SCRAPER - INFO - Encontrados 26 hoteles en la página de resultados de búsqueda de Cadíz.
2025-05-27 21:42:54,478 - SCRAPER - INFO - Fin de scraping para Cadíz para el 2025-06-08. Guardado en /data/out/cadíz_20250608.ndjson
2025-05-27 21:42:54,478 - SCRAPER - INFO - Iniciando scraping para Cadíz para el 2025-06-09
2025-05-27 21:42:54,977 - SCRAPER - INFO - Obteniendo resultados de dest_id 747 (Cadíz) el 2025-06-09...
2025-05-27 21:42:56,629 - SCRAPER - INFO - Encontrados 26 hoteles en la página de resultados de búsqueda de Cadíz.
2025-05-27 21:44:09,989 - SCRAPER - INFO - Fin de scraping para Cadíz para el 2025-06-09. Guardado en /data/out/cadíz_20250609.ndjson
2025-05-27 21:44:09,989 - SCRAPER - INFO - Iniciando scraping para Cadíz para el 2025-06-10
2025-05-27 21:44:10,391 - SCRAPER - INFO - Obteniendo resultados de dest_id 747 (Cadíz) el 2025-06-10...
2025-05-27 21:44:12,120 - SCRAPER - INFO - Encontrados 25 hoteles en la página de resultados de búsqueda de Cadíz.
2025-05-27 21:45:18,832 - SCRAPER - INFO - Fin de scraping para Cadíz para el 2025-06-10. Guardado en /data/out/cadíz_20250610.ndjson
2025-05-27 21:45:18,832 - SCRAPER - INFO - Iniciando scraping para Cadíz para el 2025-06-11
2025-05-27 21:45:19,224 - SCRAPER - INFO - Obteniendo resultados de dest_id 747 (Cadíz) el 2025-06-11...
2025-05-27 21:45:20,967 - SCRAPER - INFO - Encontrados 25 hoteles en la página de resultados de búsqueda de Cadíz.
2025-05-27 21:46:31,979 - SCRAPER - INFO - Fin de scraping para Cadíz para el 2025-06-11. Guardado en /data/out/cadíz_20250611.ndjson
2025-05-27 21:46:31,979 - SCRAPER - INFO - Iniciando scraping para Cadíz para el 2025-06-12
2025-05-27 21:46:32,334 - SCRAPER - INFO - Obteniendo resultados de dest_id 747 (Cadíz) el 2025-06-12...
2025-05-27 21:46:34,014 - SCRAPER - INFO - Encontrados 26 hoteles en la página de resultados de búsqueda de Cadíz.
2025-05-27 21:47:44,379 - SCRAPER - INFO - Fin de scraping para Cadíz para el 2025-06-12. Guardado en /data/out/cadíz_20250612.ndjson
2025-05-27 21:47:44,379 - SCRAPER - INFO - Iniciando scraping para Cadíz para el 2025-06-13
2025-05-27 21:47:44,835 - SCRAPER - INFO - Obteniendo resultados de dest_id 747 (Cadíz) el 2025-06-13...
2025-05-27 21:47:46,452 - SCRAPER - INFO - Encontrados 26 hoteles en la página de resultados de búsqueda de Cadíz.
2025-05-27 21:49:02,510 - SCRAPER - INFO - Fin de scraping para Cadíz para el 2025-06-13. Guardado en /data/out/cadíz_20250613.ndjson
2025-05-27 21:49:02,510 - SCRAPER - INFO - Iniciando scraping para Cadíz para el 2025-06-14
2025-05-27 21:49:03,009 - SCRAPER - INFO - Obteniendo resultados de dest_id 747 (Cadíz) el 2025-06-14...
2025-05-27 21:49:04,661 - SCRAPER - INFO - Encontrados 26 hoteles en la página de resultados de búsqueda de Cadíz.
2025-05-27 21:50:18,404 - SCRAPER - INFO - Fin de scraping para Cadíz para el 2025-06-14. Guardado en /data/out/cadíz_20250614.ndjson
2025-05-27 21:50:18,404 - SCRAPER - INFO - Iniciando scraping para Cadíz para el 2025-06-15
2025-05-27 21:50:18,796 - SCRAPER - INFO - Obteniendo resultados de dest_id 747 (Cadíz) el 2025-06-15...
2025-05-27 21:50:20,579 - SCRAPER - INFO - Encontrados 26 hoteles en la página de resultados de búsqueda de Cadíz.
2025-05-27 21:51:38,724 - SCRAPER - INFO - Fin de scraping para Cadíz para el 2025-06-15. Guardado en /data/out/cadíz_20250615.ndjson
2025-05-27 21:51:38,724 - SCRAPER - INFO - Iniciando scraping para Cadíz para el 2025-06-16
2025-05-27 21:51:39,045 - SCRAPER - INFO - Obteniendo resultados de dest_id 747 (Cadíz) el 2025-06-16...
2025-05-27 21:51:40,843 - SCRAPER - INFO - Encontrados 26 hoteles en la página de resultados de búsqueda de Cadíz.
2025-05-27 21:52:54,657 - SCRAPER - INFO - Fin de scraping para Cadíz para el 2025-06-16. Guardado en /data/out/cadíz_20250616.ndjson
2025-05-27 21:52:54,657 - SCRAPER - INFO - Iniciando scraping para Cadíz para el 2025-06-17
2025-05-27 21:52:55,050 - SCRAPER - INFO - Obteniendo resultados de dest_id 747 (Cadíz) el 2025-06-17...
2025-05-27 21:52:56,771 - SCRAPER - INFO - Encontrados 26 hoteles en la página de resultados de búsqueda de Cadíz.
2025-05-27 21:54:08,516 - SCRAPER - INFO - Fin de scraping para Cadíz para el 2025-06-17. Guardado en /data/out/cadíz_20250617.ndjson
2025-05-27 21:54:08,516 - SCRAPER - INFO - Iniciando scraping para Cadíz para el 2025-06-18
2025-05-27 21:54:08,934 - SCRAPER - INFO - Obteniendo resultados de dest_id 747 (Cadíz) el 2025-06-18...
2025-05-27 21:54:10,715 - SCRAPER - INFO - Encontrados 26 hoteles en la página de resultados de búsqueda de Cadíz.
2025-05-27 21:55:22,780 - SCRAPER - INFO - Fin de scraping para Cadíz para el 2025-06-18. Guardado en /data/out/cadíz_20250618.ndjson
2025-05-27 21:55:22,780 - SCRAPER - INFO - Iniciando scraping para Cadíz para el 2025-06-19
2025-05-27 21:55:23,143 - SCRAPER - INFO - Obteniendo resultados de dest_id 747 (Cadíz) el 2025-06-19...
2025-05-27 21:55:24,876 - SCRAPER - INFO - Encontrados 26 hoteles en la página de resultados de búsqueda de Cadíz.
2025-05-27 21:56:35,401 - SCRAPER - INFO - Fin de scraping para Cadíz para el 2025-06-19. Guardado en /data/out/cadíz_20250619.ndjson
2025-05-27 21:56:35,401 - SCRAPER - INFO - Iniciando scraping para Cadíz para el 2025-06-20
2025-05-27 21:56:35,795 - SCRAPER - INFO - Obteniendo resultados de dest_id 747 (Cadíz) el 2025-06-20...
2025-05-27 21:56:37,341 - SCRAPER - INFO - Encontrados 26 hoteles en la página de resultados de búsqueda de Cadíz.
2025-05-27 21:57:45,998 - SCRAPER - INFO - Fin de scraping para Cadíz para el 2025-06-20. Guardado en /data/out/cadíz_20250620.ndjson
2025-05-27 21:57:45,998 - SCRAPER - INFO - Iniciando scraping para Cadíz para el 2025-06-21
2025-05-27 21:57:46,328 - SCRAPER - INFO - Obteniendo resultados de dest_id 747 (Cadíz) el 2025-06-21...
2025-05-27 21:57:47,988 - SCRAPER - INFO - Encontrados 26 hoteles en la página de resultados de búsqueda de Cadíz.
2025-05-27 21:59:02,820 - SCRAPER - INFO - Fin de scraping para Cadíz para el 2025-06-21. Guardado en /data/out/cadíz_20250621.ndjson
2025-05-27 21:59:02,820 - SCRAPER - INFO - Iniciando scraping para Cadíz para el 2025-06-22
2025-05-27 21:59:03,144 - SCRAPER - INFO - Obteniendo resultados de dest_id 747 (Cadíz) el 2025-06-22...
2025-05-27 21:59:04,686 - SCRAPER - INFO - Encontrados 26 hoteles en la página de resultados de búsqueda de Cadíz.
2025-05-27 22:00:17,435 - SCRAPER - INFO - Fin de scraping para Cadíz para el 2025-06-22. Guardado en /data/out/cadíz_20250622.ndjson
2025-05-27 22:00:17,435 - SCRAPER - INFO - Iniciando scraping para Cadíz para el 2025-06-23
2025-05-27 22:00:17,775 - SCRAPER - INFO - Obteniendo resultados de dest_id 747 (Cadíz) el 2025-06-23...
2025-05-27 22:00:19,446 - SCRAPER - INFO - Encontrados 26 hoteles en la página de resultados de búsqueda de Cadíz.
2025-05-27 22:01:29,667 - SCRAPER - INFO - Fin de scraping para Cadíz para el 2025-06-23. Guardado en /data/out/cadíz_20250623.ndjson
2025-05-27 22:01:29,667 - SCRAPER - INFO - Iniciando scraping para Cadíz para el 2025-06-24
2025-05-27 22:01:30,100 - SCRAPER - INFO - Obteniendo resultados de dest_id 747 (Cadíz) el 2025-06-24...
2025-05-27 22:01:31,804 - SCRAPER - INFO - Encontrados 26 hoteles en la página de resultados de búsqueda de Cadíz.
2025-05-27 22:02:41,506 - SCRAPER - INFO - Fin de scraping para Cadíz para el 2025-06-24. Guardado en /data/out/cadíz_20250624.ndjson
2025-05-27 22:02:41,506 - SCRAPER - INFO - Iniciando scraping para Cadíz para el 2025-06-25
2025-05-27 22:02:41,864 - SCRAPER - INFO - Obteniendo resultados de dest_id 747 (Cadíz) el 2025-06-25...
2025-05-27 22:02:43,689 - SCRAPER - INFO - Encontrados 26 hoteles en la página de resultados de búsqueda de Cadíz.
2025-05-27 22:03:56,449 - SCRAPER - INFO - Fin de scraping para Cadíz para el 2025-06-25. Guardado en /data/out/cadíz_20250625.ndjson
2025-05-27 22:03:56,450 - SCRAPER - INFO - Iniciando scraping para Sevilla para el 2025-05-27
2025-05-27 22:03:56,932 - SCRAPER - INFO - Obteniendo resultados de dest_id 774 (Sevilla) el 2025-05-27...
2025-05-27 22:03:58,450 - SCRAPER - INFO - Encontrados 26 hoteles en la página de resultados de búsqueda de Sevilla.
2025-05-27 22:05:06,560 - SCRAPER - INFO - Fin de scraping para Sevilla para el 2025-05-27. Guardado en /data/out/sevilla_20250527.ndjson
2025-05-27 22:05:06,560 - SCRAPER - INFO - Iniciando scraping para Sevilla para el 2025-05-28
2025-05-27 22:05:07,004 - SCRAPER - INFO - Obteniendo resultados de dest_id 774 (Sevilla) el 2025-05-28...
2025-05-27 22:05:08,630 - SCRAPER - INFO - Encontrados 26 hoteles en la página de resultados de búsque