s en la página de resultados de búsqueda de Cordoba.
2025-05-27 23:24:26,180 - SCRAPER - INFO - Fin de scraping para Cordoba para el 2025-05-27. Guardado en /data/out/cordoba_20250527.ndjson
2025-05-27 23:24:26,180 - SCRAPER - INFO - Iniciando scraping para Cordoba para el 2025-05-28
2025-05-27 23:24:26,575 - SCRAPER - INFO - Obteniendo resultados de dest_id 750 (Cordoba) el 2025-05-28...
2025-05-27 23:24:28,032 - SCRAPER - INFO - Encontrados 26 hoteles en la página de resultados de búsqueda de Cordoba.
2025-05-27 23:25:36,926 - SCRAPER - INFO - Fin de scraping para Cordoba para el 2025-05-28. Guardado en /data/out/cordoba_20250528.ndjson
2025-05-27 23:25:36,926 - SCRAPER - INFO - Iniciando scraping para Cordoba para el 2025-05-29
2025-05-27 23:25:37,288 - SCRAPER - INFO - Obteniendo resultados de dest_id 750 (Cordoba) el 2025-05-29...
2025-05-27 23:25:38,967 - SCRAPER - INFO - Encontrados 25 hoteles en la página de resultados de búsqueda de Cordoba.
2025-05-27 23:26:49,282 - SCRAPER - INFO - Fin de scraping para Cordoba para el 2025-05-29. Guardado en /data/out/cordoba_20250529.ndjson
2025-05-27 23:26:49,282 - SCRAPER - INFO - Iniciando scraping para Cordoba para el 2025-05-30
2025-05-27 23:26:49,651 - SCRAPER - INFO - Obteniendo resultados de dest_id 750 (Cordoba) el 2025-05-30...
2025-05-27 23:26:51,093 - SCRAPER - INFO - Encontrados 25 hoteles en la página de resultados de búsqueda de Cordoba.
2025-05-27 23:27:57,337 - SCRAPER - INFO - Fin de scraping para Cordoba para el 2025-05-30. Guardado en /data/out/cordoba_20250530.ndjson
2025-05-27 23:27:57,337 - SCRAPER - INFO - Iniciando scraping para Cordoba para el 2025-05-31
2025-05-27 23:27:57,699 - SCRAPER - INFO - Obteniendo resultados de dest_id 750 (Cordoba) el 2025-05-31...
2025-05-27 23:27:59,204 - SCRAPER - INFO - Encontrados 25 hoteles en la página de resultados de búsqueda de Cordoba.
2025-05-27 23:29:03,642 - SCRAPER - INFO - Fin de scraping para Cordoba para el 2025-05-31. Guardado en /data/out/cordoba_20250531.ndjson
2025-05-27 23:29:03,642 - SCRAPER - INFO - Iniciando scraping para Cordoba para el 2025-06-01
2025-05-27 23:29:03,985 - SCRAPER - INFO - Obteniendo resultados de dest_id 750 (Cordoba) el 2025-06-01...
2025-05-27 23:29:05,588 - SCRAPER - INFO - Encontrados 26 hoteles en la página de resultados de búsqueda de Cordoba.
2025-05-27 23:30:19,782 - SCRAPER - INFO - Fin de scraping para Cordoba para el 2025-06-01. Guardado en /data/out/cordoba_20250601.ndjson
2025-05-27 23:30:19,782 - SCRAPER - INFO - Iniciando scraping para Cordoba para el 2025-06-02
2025-05-27 23:30:20,189 - SCRAPER - INFO - Obteniendo resultados de dest_id 750 (Cordoba) el 2025-06-02...
2025-05-27 23:30:21,656 - SCRAPER - INFO - Encontrados 26 hoteles en la página de resultados de búsqueda de Cordoba.
2025-05-27 23:31:33,435 - SCRAPER - INFO - Fin de scraping para Cordoba para el 2025-06-02. Guardado en /data/out/cordoba_20250602.ndjson
2025-05-27 23:31:33,435 - SCRAPER - INFO - Iniciando scraping para Cordoba para el 2025-06-03
2025-05-27 23:31:33,748 - SCRAPER - INFO - Obteniendo resultados de dest_id 750 (Cordoba) el 2025-06-03...
2025-05-27 23:31:35,502 - SCRAPER - INFO - Encontrados 26 hoteles en la página de resultados de búsqueda de Cordoba.
2025-05-27 23:32:46,840 - SCRAPER - INFO - Fin de scraping para Cordoba para el 2025-06-03. Guardado en /data/out/cordoba_20250603.ndjson
2025-05-27 23:32:46,840 - SCRAPER - INFO - Iniciando scraping para Cordoba para el 2025-06-04
2025-05-27 23:32:47,161 - SCRAPER - INFO - Obteniendo resultados de dest_id 750 (Cordoba) el 2025-06-04...
2025-05-27 23:32:48,754 - SCRAPER - INFO - Encontrados 25 hoteles en la página de resultados de búsqueda de Cordoba.
2025-05-27 23:33:56,909 - SCRAPER - INFO - Fin de scraping para Cordoba para el 2025-06-04. Guardado en /data/out/cordoba_20250604.ndjson
2025-05-27 23:33:56,909 - SCRAPER - INFO - Iniciando scraping para Cordoba para el 2025-06-05
2025-05-27 23:33:57,240 - SCRAPER - INFO - Obteniendo resultados de dest_id 750 (Cordoba) el 2025-06-05...
2025-05-27 23:33:58,826 - SCRAPER - INFO - Encontrados 25 hoteles en la página de resultados de búsqueda de Cordoba.
2025-05-27 23:35:06,117 - SCRAPER - INFO - Fin de scraping para Cordoba para el 2025-06-05. Guardado en /data/out/cordoba_20250605.ndjson
2025-05-27 23:35:06,117 - SCRAPER - INFO - Iniciando scraping para Cordoba para el 2025-06-06
2025-05-27 23:35:06,438 - SCRAPER - INFO - Obteniendo resultados de dest_id 750 (Cordoba) el 2025-06-06...
2025-05-27 23:35:07,947 - SCRAPER - INFO - Encontrados 26 hoteles en la página de resultados de búsqueda de Cordoba.
2025-05-27 23:36:18,744 - SCRAPER - INFO - Fin de scraping para Cordoba para el 2025-06-06. Guardado en /data/out/cordoba_20250606.ndjson
2025-05-27 23:36:18,744 - SCRAPER - INFO - Iniciando scraping para Cordoba para el 2025-06-07
2025-05-27 23:36:19,205 - SCRAPER - INFO - Obteniendo resultados de dest_id 750 (Cordoba) el 2025-06-07...
2025-05-27 23:36:20,779 - SCRAPER - INFO - Encontrados 26 hoteles en la página de resultados de búsqueda de Cordoba.
2025-05-27 23:37:29,196 - SCRAPER - INFO - Fin de scraping para Cordoba para el 2025-06-07. Guardado en /data/out/cordoba_20250607.ndjson
2025-05-27 23:37:29,196 - SCRAPER - INFO - Iniciando scraping para Cordoba para el 2025-06-08
2025-05-27 23:37:29,786 - SCRAPER - INFO - Obteniendo resultados de dest_id 750 (Cordoba) el 2025-06-08...
2025-05-27 23:37:31,553 - SCRAPER - INFO - Encontrados 26 hoteles en la página de resultados de búsqueda de Cordoba.
2025-05-27 23:38:43,231 - SCRAPER - INFO - Fin de scraping para Cordoba para el 2025-06-08. Guardado en /data/out/cordoba_20250608.ndjson
2025-05-27 23:38:43,231 - SCRAPER - INFO - Iniciando scraping para Cordoba para el 2025-06-09
2025-05-27 23:38:43,650 - SCRAPER - INFO - Obteniendo resultados de dest_id 750 (Cordoba) el 2025-06-09...
2025-05-27 23:38:45,618 - SCRAPER - INFO - Encontrados 26 hoteles en la página de resultados de búsqueda de Cordoba.
2025-05-27 23:39:57,384 - SCRAPER - INFO - Fin de scraping para Cordoba para el 2025-06-09. Guardado en /data/out/cordoba_20250609.ndjson
2025-05-27 23:39:57,384 - SCRAPER - INFO - Iniciando scraping para Cordoba para el 2025-06-10
2025-05-27 23:39:57,851 - SCRAPER - INFO - Obteniendo resultados de dest_id 750 (Cordoba) el 2025-06-10...
2025-05-27 23:39:59,225 - SCRAPER - INFO - Encontrados 26 hoteles en la página de resultados de búsqueda de Cordoba.
2025-05-27 23:41:10,301 - SCRAPER - INFO - Fin de scraping para Cordoba para el 2025-06-10. Guardado en /data/out/cordoba_20250610.ndjson
2025-05-27 23:41:10,301 - SCRAPER - INFO - Iniciando scraping para Cordoba para el 2025-06-11
2025-05-27 23:41:10,702 - SCRAPER - INFO - Obteniendo resultados de dest_id 750 (Cordoba) el 2025-06-11...
2025-05-27 23:41:12,189 - SCRAPER - INFO - Encontrados 26 hoteles en la página de resultados de búsqueda de Cordoba.
2025-05-27 23:42:20,827 - SCRAPER - INFO - Fin de scraping para Cordoba para el 2025-06-11. Guardado en /data/out/cordoba_20250611.ndjson
2025-05-27 23:42:20,827 - SCRAPER - INFO - Iniciando scraping para Cordoba para el 2025-06-12
2025-05-27 23:42:21,291 - SCRAPER - INFO - Obteniendo resultados de dest_id 750 (Cordoba) el 2025-06-12...
2025-05-27 23:42:22,852 - SCRAPER - INFO - Encontrados 26 hoteles en la página de resultados de búsqueda de Cordoba.
2025-05-27 23:43:33,188 - SCRAPER - INFO - Fin de scraping para Cordoba para el 2025-06-12. Guardado en /data/out/cordoba_20250612.ndjson
2025-05-27 23:43:33,188 - SCRAPER - INFO - Iniciando scraping para Cordoba para el 2025-06-13
2025-05-27 23:43:33,549 - SCRAPER - INFO - Obteniendo resultados de dest_id 750 (Cordoba) el 2025-06-13...
2025-05-27 23:43:35,378 - SCRAPER - INFO - Encontrados 26 hoteles en la página de resultados de búsqueda de Cordoba.
2025-05-27 23:44:48,215 - SCRAPER - INFO - Fin de scraping para Cordoba para el 2025-06-13. Guardado en /data/out/cordoba_20250613.ndjson
2025-05-27 23:44:48,215 - SCRAPER - INFO - Iniciando scraping para Cordoba para el 2025-06-14
2025-05-27 23:44:48,598 - SCRAPER - INFO - Obteniendo resultados de dest_id 750 (Cordoba) el 2025-06-14...
2025-05-27 23:44:50,251 - SCRAPER - INFO - Encontrados 26 hoteles en la página de resultados de búsqueda de Cordoba.
2025-05-27 23:46:02,863 - SCRAPER - INFO - Fin de scraping para Cordoba para el 2025-06-14. Guardado en /data/out/cordoba_20250614.ndjson
2025-05-27 23:46:02,863 - SCRAPER - INFO - Iniciando scraping para Cordoba para el 2025-06-15
2025-05-27 23:46:03,362 - SCRAPER - INFO - Obteniendo resultados de dest_id 750 (Cordoba) el 2025-06-15...
2025-05-27 23:46:04,987 - SCRAPER - INFO - Encontrados 26 hoteles en la página de resultados de búsqueda de Cordoba.
2025-05-27 23:47:16,775 - SCRAPER - INFO - Fin de scraping para Cordoba para el 2025-06-15. Guardado en /data/out/cordoba_20250615.ndjson
2025-05-27 23:47:16,775 - SCRAPER - INFO - Iniciando scraping para Cordoba para el 2025-06-16
2025-05-27 23:47:17,162 - SCRAPER - INFO - Obteniendo resultados de dest_id 750 (Cordoba) el 2025-06-16...
2025-05-27 23:47:18,617 - SCRAPER - INFO - Encontrados 25 hoteles en la página de resultados de búsqueda de Cordoba.
2025-05-27 23:48:29,059 - SCRAPER - INFO - Fin de scraping para Cordoba para el 2025-06-16. Guardado en /data/out/cordoba_20250616.ndjson
2025-05-27 23:48:29,059 - SCRAPER - INFO - Iniciando scraping para Cordoba para el 2025-06-17
2025-05-27 23:48:29,449 - SCRAPER - INFO - Obteniendo resultados de dest_id 750 (Cordoba) el 2025-06-17...
2025-05-27 23:48:31,058 - SCRAPER - INFO - Encontrados 26 hoteles en la página de resultados de búsqueda de Cordoba.
2025-05-27 23:49:43,509 - SCRAPER - INFO - Fin de scraping para Cordoba para el 2025-06-17. Guardado en /data/out/cordoba_20250617.ndjson
2025-05-27 23:49:43,509 - SCRAPER - INFO - Iniciando scraping para Cordoba para el 2025-06-18
2025-05-27 23:49:43,893 - SCRAPER - INFO - Obteniendo resultados de dest_id 750 (Cordoba) el 2025-06-18...
2025-05-27 23:49:45,639 - SCRAPER - INFO - Encontrados 26 hoteles en la página de resultados de búsqueda de Cordoba.
2025-05-27 23:50:58,375 - SCRAPER - INFO - Fin de scraping para Cordoba para el 2025-06-18. Guardado en /data/out/cordoba_20250618.ndjson
2025-05-27 23:50:58,375 - SCRAPER - INFO - Iniciando scraping para Cordoba para el 2025-06-19
2025-05-27 23:50:58,722 - SCRAPER - INFO - Obteniendo resultados de dest_id 750 (Cordoba) el 2025-06-19...
2025-05-27 23:51:00,426 - SCRAPER - INFO - Encontrados 25 hoteles en la página de resultados de búsqueda de Cordoba.
2025-05-27 23:52:10,748 - SCRAPER - INFO - Fin de scraping para Cordoba para el 2025-06-19. Guardado en /data/out/cordoba_20250619.ndjson
2025-05-27 23:52:10,748 - SCRAPER - INFO - Iniciando scraping para Cordoba para el 2025-06-20
2025-05-27 23:52:11,101 - SCRAPER - INFO - Obteniendo resultados de dest_id 750 (Cordoba) el 2025-06-20...
2025-05-27 23:52:12,714 - SCRAPER - INFO - Encontrados 26 hoteles en la página de resultados de búsqueda de Cordoba.
2025-05-27 23:53:27,609 - SCRAPER - INFO - Fin de scraping para Cordoba para el 2025-06-20. Guardado en /data/out/cordoba_20250620.ndjson
2025-05-27 23:53:27,609 - SCRAPER - INFO - Iniciando scraping para Cordoba para el 2025-06-21
2025-05-27 23:53:28,000 - SCRAPER - INFO - Obteniendo resultados de dest_id 750 (Cordoba) el 2025-06-21...
2025-05-27 23:53:29,677 - SCRAPER - INFO - Encontrados 25 hoteles en la página de resultados de búsqueda de Cordoba.
2025-05-27 23:54:36,937 - SCRAPER - INFO - Fin de scraping para Cordoba para el 2025-06-21. Guardado en /data/out/cordoba_20250621.ndjson
2025-05-27 23:54:36,937 - SCRAPER - INFO - Iniciando scraping para Cordoba para el 2025-06-22
2025-05-27 23:54:37,265 - SCRAPER - INFO - Obteniendo resultados de dest_id 750 (Cordoba) el 2025-06-22...
2025-05-27 23:54:38,885 - SCRAPER - INFO - Encontrados 26 hoteles en la página de resultados de búsqueda de Cordoba.
2025-05-27 23:55:49,719 - SCRAPER - INFO - Fin de scraping para Cordoba para el 2025-06-22. Guardado en /data/out/cordoba_20250622.ndjson
2025-05-27 23:55:49,719 - SCRAPER - INFO - Iniciando scraping para Cordoba para el 2025-06-23
2025-05-27 23:55:50,098 - SCRAPER - INFO - Obteniendo resultados de dest_id 750 (Cordoba) el 2025-06-23...
2025-05-27 23:55:51,613 - SCRAPER - INFO - Encontrados 26 hoteles en la página de resultados de búsqueda de Cordoba.
2025-05-27 23:57:02,100 - SCRAPER - INFO - Fin de scraping para Cordoba para el 2025-06-23. Guardado en /data/out/cordoba_20250623.ndjson
2025-05-27 23:57:02,100 - SCRAPER - INFO - Iniciando scraping para Cordoba para el 2025-06-24
2025-05-27 23:57:02,556 - SCRAPER - INFO - Obteniendo resultados de dest_id 750 (Cordoba) el 2025-06-24...
2025-05-27 23:57:04,129 - SCRAPER - INFO - Encontrados 25 hoteles en la página de resultados de búsqueda de Cordoba.
2025-05-27 23:58:12,861 - SCRAPER - INFO - Fin de scraping para Cordoba para el 2025-06-24. Guardado en /data/out/cordoba_20250624.ndjson
2025-05-27 23:58:12,861 - SCRAPER - INFO - Iniciando scraping para Cordoba para el 2025-06-25
2025-05-27 23:58:13,285 - SCRAPER - INFO - Obteniendo resultados de dest_id 750 (Cordoba) el 2025-06-25...
2025-05-27 23:58:14,881 - SCRAPER - INFO - Encontrados 26 hoteles en la página de resultados de búsqueda de Cordoba.
2025-05-27 23:59:27,552 - SCRAPER - INFO - Fin de scraping para Cordoba para el