 SCRAPER - INFO - Fin de scraping para Málaga para el 2025-05-29. Guardado en /data/out/málaga_20250529.ndjson
2025-05-27 20:53:33,500 - SCRAPER - INFO - Iniciando scraping para Málaga para el 2025-05-30
2025-05-27 20:53:33,977 - SCRAPER - INFO - Obteniendo resultados de dest_id 766 (Málaga) el 2025-05-30...
2025-05-27 20:53:35,523 - SCRAPER - INFO - Encontrados 26 hoteles en la página de resultados de búsqueda de Málaga.
2025-05-27 20:54:44,916 - SCRAPER - INFO - Fin de scraping para Málaga para el 2025-05-30. Guardado en /data/out/málaga_20250530.ndjson
2025-05-27 20:54:44,916 - SCRAPER - INFO - Iniciando scraping para Málaga para el 2025-05-31
2025-05-27 20:54:45,365 - SCRAPER - INFO - Obteniendo resultados de dest_id 766 (Málaga) el 2025-05-31...
2025-05-27 20:54:47,239 - SCRAPER - INFO - Encontrados 25 hoteles en la página de resultados de búsqueda de Málaga.
2025-05-27 20:55:57,277 - SCRAPER - INFO - Fin de scraping para Málaga para el 2025-05-31. Guardado en /data/out/málaga_20250531.ndjson
2025-05-27 20:55:57,277 - SCRAPER - INFO - Iniciando scraping para Málaga para el 2025-06-01
2025-05-27 20:55:57,668 - SCRAPER - INFO - Obteniendo resultados de dest_id 766 (Málaga) el 2025-06-01...
2025-05-27 20:55:59,326 - SCRAPER - INFO - Encontrados 25 hoteles en la página de resultados de búsqueda de Málaga.
2025-05-27 20:57:12,000 - SCRAPER - INFO - Fin de scraping para Málaga para el 2025-06-01. Guardado en /data/out/málaga_20250601.ndjson
2025-05-27 20:57:12,000 - SCRAPER - INFO - Iniciando scraping para Málaga para el 2025-06-02
2025-05-27 20:57:12,409 - SCRAPER - INFO - Obteniendo resultados de dest_id 766 (Málaga) el 2025-06-02...
2025-05-27 20:57:14,082 - SCRAPER - INFO - Encontrados 25 hoteles en la página de resultados de búsqueda de Málaga.
2025-05-27 20:58:23,690 - SCRAPER - INFO - Fin de scraping para Málaga para el 2025-06-02. Guardado en /data/out/málaga_20250602.ndjson
2025-05-27 20:58:23,690 - SCRAPER - INFO - Iniciando scraping para Málaga para el 2025-06-03
2025-05-27 20:58:24,168 - SCRAPER - INFO - Obteniendo resultados de dest_id 766 (Málaga) el 2025-06-03...
2025-05-27 20:58:25,774 - SCRAPER - INFO - Encontrados 25 hoteles en la página de resultados de búsqueda de Málaga.
2025-05-27 20:59:33,697 - SCRAPER - INFO - Fin de scraping para Málaga para el 2025-06-03. Guardado en /data/out/málaga_20250603.ndjson
2025-05-27 20:59:33,697 - SCRAPER - INFO - Iniciando scraping para Málaga para el 2025-06-04
2025-05-27 20:59:34,022 - SCRAPER - INFO - Obteniendo resultados de dest_id 766 (Málaga) el 2025-06-04...
2025-05-27 20:59:35,523 - SCRAPER - INFO - Encontrados 25 hoteles en la página de resultados de búsqueda de Málaga.
2025-05-27 21:00:46,078 - SCRAPER - INFO - Fin de scraping para Málaga para el 2025-06-04. Guardado en /data/out/málaga_20250604.ndjson
2025-05-27 21:00:46,078 - SCRAPER - INFO - Iniciando scraping para Málaga para el 2025-06-05
2025-05-27 21:00:46,388 - SCRAPER - INFO - Obteniendo resultados de dest_id 766 (Málaga) el 2025-06-05...
2025-05-27 21:00:47,934 - SCRAPER - INFO - Encontrados 25 hoteles en la página de resultados de búsqueda de Málaga.
2025-05-27 21:01:58,583 - SCRAPER - INFO - Fin de scraping para Málaga para el 2025-06-05. Guardado en /data/out/málaga_20250605.ndjson
2025-05-27 21:01:58,583 - SCRAPER - INFO - Iniciando scraping para Málaga para el 2025-06-06
2025-05-27 21:01:59,027 - SCRAPER - INFO - Obteniendo resultados de dest_id 766 (Málaga) el 2025-06-06...
2025-05-27 21:02:00,588 - SCRAPER - INFO - Encontrados 25 hoteles en la página de resultados de búsqueda de Málaga.
2025-05-27 21:03:12,064 - SCRAPER - INFO - Fin de scraping para Málaga para el 2025-06-06. Guardado en /data/out/málaga_20250606.ndjson
2025-05-27 21:03:12,064 - SCRAPER - INFO - Iniciando scraping para Málaga para el 2025-06-07
2025-05-27 21:03:12,536 - SCRAPER - INFO - Obteniendo resultados de dest_id 766 (Málaga) el 2025-06-07...
2025-05-27 21:03:14,835 - SCRAPER - INFO - Encontrados 25 hoteles en la página de resultados de búsqueda de Málaga.
2025-05-27 21:04:22,855 - SCRAPER - INFO - Fin de scraping para Málaga para el 2025-06-07. Guardado en /data/out/málaga_20250607.ndjson
2025-05-27 21:04:22,855 - SCRAPER - INFO - Iniciando scraping para Málaga para el 2025-06-08
2025-05-27 21:04:23,210 - SCRAPER - INFO - Obteniendo resultados de dest_id 766 (Málaga) el 2025-06-08...
2025-05-27 21:04:24,814 - SCRAPER - INFO - Encontrados 26 hoteles en la página de resultados de búsqueda de Málaga.
2025-05-27 21:05:41,357 - SCRAPER - INFO - Fin de scraping para Málaga para el 2025-06-08. Guardado en /data/out/málaga_20250608.ndjson
2025-05-27 21:05:41,357 - SCRAPER - INFO - Iniciando scraping para Málaga para el 2025-06-09
2025-05-27 21:05:41,680 - SCRAPER - INFO - Obteniendo resultados de dest_id 766 (Málaga) el 2025-06-09...
2025-05-27 21:05:43,283 - SCRAPER - INFO - Encontrados 25 hoteles en la página de resultados de búsqueda de Málaga.
2025-05-27 21:06:56,782 - SCRAPER - INFO - Fin de scraping para Málaga para el 2025-06-09. Guardado en /data/out/málaga_20250609.ndjson
2025-05-27 21:06:56,782 - SCRAPER - INFO - Iniciando scraping para Málaga para el 2025-06-10
2025-05-27 21:06:57,089 - SCRAPER - INFO - Obteniendo resultados de dest_id 766 (Málaga) el 2025-06-10...
2025-05-27 21:06:58,620 - SCRAPER - INFO - Encontrados 26 hoteles en la página de resultados de búsqueda de Málaga.
2025-05-27 21:08:12,996 - SCRAPER - INFO - Fin de scraping para Málaga para el 2025-06-10. Guardado en /data/out/málaga_20250610.ndjson
2025-05-27 21:08:12,996 - SCRAPER - INFO - Iniciando scraping para Málaga para el 2025-06-11
2025-05-27 21:08:13,328 - SCRAPER - INFO - Obteniendo resultados de dest_id 766 (Málaga) el 2025-06-11...
2025-05-27 21:08:14,879 - SCRAPER - INFO - Encontrados 25 hoteles en la página de resultados de búsqueda de Málaga.
2025-05-27 21:09:26,726 - SCRAPER - INFO - Fin de scraping para Málaga para el 2025-06-11. Guardado en /data/out/málaga_20250611.ndjson
2025-05-27 21:09:26,727 - SCRAPER - INFO - Iniciando scraping para Málaga para el 2025-06-12
2025-05-27 21:09:27,126 - SCRAPER - INFO - Obteniendo resultados de dest_id 766 (Málaga) el 2025-06-12...
2025-05-27 21:09:28,724 - SCRAPER - INFO - Encontrados 26 hoteles en la página de resultados de búsqueda de Málaga.
2025-05-27 21:10:44,160 - SCRAPER - INFO - Fin de scraping para Málaga para el 2025-06-12. Guardado en /data/out/málaga_20250612.ndjson
2025-05-27 21:10:44,160 - SCRAPER - INFO - Iniciando scraping para Málaga para el 2025-06-13
2025-05-27 21:10:44,599 - SCRAPER - INFO - Obteniendo resultados de dest_id 766 (Málaga) el 2025-06-13...
2025-05-27 21:10:46,374 - SCRAPER - INFO - Encontrados 25 hoteles en la página de resultados de búsqueda de Málaga.
2025-05-27 21:12:00,287 - SCRAPER - INFO - Fin de scraping para Málaga para el 2025-06-13. Guardado en /data/out/málaga_20250613.ndjson
2025-05-27 21:12:00,287 - SCRAPER - INFO - Iniciando scraping para Málaga para el 2025-06-14
2025-05-27 21:12:00,678 - SCRAPER - INFO - Obteniendo resultados de dest_id 766 (Málaga) el 2025-06-14...
2025-05-27 21:12:02,335 - SCRAPER - INFO - Encontrados 26 hoteles en la página de resultados de búsqueda de Málaga.
2025-05-27 21:13:13,841 - SCRAPER - INFO - Fin de scraping para Málaga para el 2025-06-14. Guardado en /data/out/málaga_20250614.ndjson
2025-05-27 21:13:13,841 - SCRAPER - INFO - Iniciando scraping para Málaga para el 2025-06-15
2025-05-27 21:13:14,169 - SCRAPER - INFO - Obteniendo resultados de dest_id 766 (Málaga) el 2025-06-15...
2025-05-27 21:13:16,291 - SCRAPER - INFO - Encontrados 25 hoteles en la página de resultados de búsqueda de Málaga.
2025-05-27 21:14:29,209 - SCRAPER - INFO - Fin de scraping para Málaga para el 2025-06-15. Guardado en /data/out/málaga_20250615.ndjson
2025-05-27 21:14:29,209 - SCRAPER - INFO - Iniciando scraping para Málaga para el 2025-06-16
2025-05-27 21:14:29,566 - SCRAPER - INFO - Obteniendo resultados de dest_id 766 (Málaga) el 2025-06-16...
2025-05-27 21:14:31,161 - SCRAPER - INFO - Encontrados 25 hoteles en la página de resultados de búsqueda de Málaga.
2025-05-27 21:15:40,890 - SCRAPER - INFO - Fin de scraping para Málaga para el 2025-06-16. Guardado en /data/out/málaga_20250616.ndjson
2025-05-27 21:15:40,890 - SCRAPER - INFO - Iniciando scraping para Málaga para el 2025-06-17
2025-05-27 21:15:41,387 - SCRAPER - INFO - Obteniendo resultados de dest_id 766 (Málaga) el 2025-06-17...
2025-05-27 21:15:43,114 - SCRAPER - INFO - Encontrados 25 hoteles en la página de resultados de búsqueda de Málaga.
2025-05-27 21:16:52,322 - SCRAPER - INFO - Fin de scraping para Málaga para el 2025-06-17. Guardado en /data/out/málaga_20250617.ndjson
2025-05-27 21:16:52,322 - SCRAPER - INFO - Iniciando scraping para Málaga para el 2025-06-18
2025-05-27 21:16:52,806 - SCRAPER - INFO - Obteniendo resultados de dest_id 766 (Málaga) el 2025-06-18...
2025-05-27 21:16:54,514 - SCRAPER - INFO - Encontrados 25 hoteles en la página de resultados de búsqueda de Málaga.
2025-05-27 21:18:07,668 - SCRAPER - INFO - Fin de scraping para Málaga para el 2025-06-18. Guardado en /data/out/málaga_20250618.ndjson
2025-05-27 21:18:07,668 - SCRAPER - INFO - Iniciando scraping para Málaga para el 2025-06-19
2025-05-27 21:18:07,989 - SCRAPER - INFO - Obteniendo resultados de dest_id 766 (Málaga) el 2025-06-19...
2025-05-27 21:18:09,831 - SCRAPER - INFO - Encontrados 25 hoteles en la página de resultados de búsqueda de Málaga.
2025-05-27 21:19:22,722 - SCRAPER - INFO - Fin de scraping para Málaga para el 2025-06-19. Guardado en /data/out/málaga_20250619.ndjson
2025-05-27 21:19:22,722 - SCRAPER - INFO - Iniciando scraping para Málaga para el 2025-06-20
2025-05-27 21:19:23,086 - SCRAPER - INFO - Obteniendo resultados de dest_id 766 (Málaga) el 2025-06-20...
2025-05-27 21:19:24,834 - SCRAPER - INFO - Encontrados 25 hoteles en la página de resultados de búsqueda de Málaga.
2025-05-27 21:20:38,332 - SCRAPER - INFO - Fin de scraping para Málaga para el 2025-06-20. Guardado en /data/out/málaga_20250620.ndjson
2025-05-27 21:20:38,332 - SCRAPER - INFO - Iniciando scraping para Málaga para el 2025-06-21
2025-05-27 21:20:38,848 - SCRAPER - INFO - Obteniendo resultados de dest_id 766 (Málaga) el 2025-06-21...
2025-05-27 21:20:40,775 - SCRAPER - INFO - Encontrados 25 hoteles en la página de resultados de búsqueda de Málaga.
2025-05-27 21:21:51,529 - SCRAPER - INFO - Fin de scraping para Málaga para el 2025-06-21. Guardado en /data/out/málaga_20250621.ndjson
2025-05-27 21:21:51,529 - SCRAPER - INFO - Iniciando scraping para Málaga para el 2025-06-22
2025-05-27 21:21:51,848 - SCRAPER - INFO - Obteniendo resultados de dest_id 766 (Málaga) el 2025-06-22...
2025-05-27 21:21:53,650 - SCRAPER - INFO - Encontrados 25 hoteles en la página de resultados de búsqueda de Málaga.
2025-05-27 21:23:05,195 - SCRAPER - INFO - Fin de scraping para Málaga para el 2025-06-22. Guardado en /data/out/málaga_20250622.ndjson
2025-05-27 21:23:05,196 - SCRAPER - INFO - Iniciando scraping para Málaga para el 2025-06-23
2025-05-27 21:23:05,676 - SCRAPER - INFO - Obteniendo resultados de dest_id 766 (Málaga) el 2025-06-23...
2025-05-27 21:23:07,455 - SCRAPER - INFO - Encontrados 25 hoteles en la página de resultados de búsqueda de Málaga.
2025-05-27 21:24:18,401 - SCRAPER - INFO - Fin de scraping para Málaga para el 2025-06-23. Guardado en /data/out/málaga_20250623.ndjson
2025-05-27 21:24:18,401 - SCRAPER - INFO - Iniciando scraping para Málaga para el 2025-06-24
2025-05-27 21:24:18,710 - SCRAPER - INFO - Obteniendo resultados de dest_id 766 (Málaga) el 2025-06-24...
2025-05-27 21:24:20,512 - SCRAPER - INFO - Encontrados 25 hoteles en la página de resultados de búsqueda de Málaga.
2025-05-27 21:25:28,263 - SCRAPER - INFO - Fin de scraping para Málaga para el 2025-06-24. Guardado en /data/out/málaga_20250624.ndjson
2025-05-27 21:25:28,263 - SCRAPER - INFO - Iniciando scraping para Málaga para el 2025-06-25
2025-05-27 21:25:28,664 - SCRAPER - INFO - Obteniendo resultados de dest_id 766 (Málaga) el 2025-06-25...
2025-05-27 21:25:30,361 - SCRAPER - INFO - Encontrados 25 hoteles en la página de resultados de búsqueda de Málaga.
2025-05-27 21:26:41,028 - SCRAPER - INFO - Fin de scraping para Málaga para el 2025-06-25. Guardado en /data/out/málaga_20250625.ndjson
2025-05-27 21:26:41,028 - SCRAPER - INFO - Iniciando scraping para Cadíz para el 2025-05-27
2025-05-27 21:26:41,487 - SCRAPER - INFO - Obteniendo resultados de dest_id 747 (Cadíz) el 2025-05-27...
2025-05-27 21:26:42,882 - SCRAPER - INFO - Encontrados 26 hoteles en la página de resultados de búsqueda de Cadíz.
2025-05-27 21:27:50,165 - SCRAPER - INFO - Fin de scraping para Cadíz para el 2025-05-27. Guardado en /data/out/cadíz_20250527.ndjson
2025-05-27 21:27:50,165 - SCRAPER - INFO - Iniciando scraping para Cadíz para el 2025-05-28
2025-05-27 21:27:50,599 - SCRAPER - INFO - Obteniendo resultados de dest_id 747 (Cadíz) el 2025-05-28...
2025-05-27 21:27:52,274 - SCRAPER - INFO - Encontrados 26 hoteles en la página de resultados de búsqueda de Cadíz.
2025-05-27 21:29:04,464 - SCRAPER - INFO - Fin de scraping para Cadíz para el 2025-05-28. Guardado en /data/out/cadíz_20250528.ndjson
2025-05-27 21:29:04,464 - SCRAP