2025-06-01 17:45:34,401 - SCRAPER - INFO - Inicio de scraper booking.
2025-06-01 17:45:34,401 - SCRAPER - INFO - Iniciando scraping para Almería para el 2025-06-01
2025-06-01 17:45:34,802 - SCRAPER - INFO - Obteniendo resultados de dest_id 1363 (Almería) el 2025-06-01...
2025-06-01 17:45:36,500 - SCRAPER - INFO - Encontrados 25 hoteles en la página de resultados de búsqueda de Almería.
2025-06-01 17:48:41,078 - SCRAPER - INFO - Inicio de scraper booking.
2025-06-01 17:48:41,079 - SCRAPER - INFO - Iniciando scraping para Almería para el 2025-06-01
2025-06-01 17:48:41,451 - SCRAPER - INFO - Obteniendo resultados de dest_id 1363 (Almería) el 2025-06-01...
2025-06-01 17:48:43,402 - SCRAPER - INFO - Encontrados 25 hoteles en la página de resultados de búsqueda de Almería.
2025-06-01 17:50:07,948 - SCRAPER - INFO - Inicio de scraper booking.
2025-06-01 17:50:07,948 - SCRAPER - INFO - Iniciando scraping para Almería para el 2025-06-01
2025-06-01 17:50:08,268 - SCRAPER - INFO - Obteniendo resultados de dest_id 1363 (Almería) el 2025-06-01...
2025-06-01 17:50:09,961 - SCRAPER - INFO - Encontrados 25 hoteles en la página de resultados de búsqueda de Almería.
2025-06-01 17:51:31,478 - SCRAPER - INFO - Inicio de scraper booking.
2025-06-01 17:51:31,479 - SCRAPER - INFO - Iniciando scraping para Almería para el 2025-06-01
2025-06-01 17:51:31,978 - SCRAPER - INFO - Obteniendo resultados de dest_id 1363 (Almería) el 2025-06-01...
2025-06-01 17:51:33,491 - SCRAPER - INFO - Encontrados 25 hoteles en la página de resultados de búsqueda de Almería.
2025-06-01 17:52:50,692 - SCRAPER - INFO - Inicio de scraper booking.
2025-06-01 17:52:50,692 - SCRAPER - INFO - Iniciando scraping para Almería para el 2025-06-01
2025-06-01 17:52:51,072 - SCRAPER - INFO - Obteniendo resultados de dest_id 1363 (Almería) el 2025-06-01...
2025-06-01 17:52:52,843 - SCRAPER - INFO - Encontrados 25 hoteles en la página de resultados de búsqueda de Almería.
2025-06-01 17:54:15,805 - SCRAPER - INFO - Inicio de scraper booking.
2025-06-01 17:54:15,806 - SCRAPER - INFO - Iniciando scraping para Almería para el 2025-06-01
2025-06-01 17:54:16,285 - SCRAPER - INFO - Obteniendo resultados de dest_id 1363 (Almería) el 2025-06-01...
2025-06-01 17:54:18,129 - SCRAPER - INFO - Encontrados 25 hoteles en la página de resultados de búsqueda de Almería.
2025-06-01 17:55:38,277 - SCRAPER - INFO - Inicio de scraper booking.
2025-06-01 17:55:38,278 - SCRAPER - INFO - Iniciando scraping para Almería para el 2025-06-01
2025-06-01 17:55:38,746 - SCRAPER - INFO - Obteniendo resultados de dest_id 1363 (Almería) el 2025-06-01...
2025-06-01 17:55:40,517 - SCRAPER - INFO - Encontrados 25 hoteles en la página de resultados de búsqueda de Almería.
2025-06-01 17:57:04,684 - SCRAPER - INFO - Inicio de scraper booking.
2025-06-01 17:57:04,684 - SCRAPER - INFO - Iniciando scraping para Almería para el 2025-06-01
2025-06-01 17:57:05,041 - SCRAPER - INFO - Obteniendo resultados de dest_id 1363 (Almería) el 2025-06-01...
2025-06-01 17:57:06,944 - SCRAPER - INFO - Encontrados 25 hoteles en la página de resultados de búsqueda de Almería.
2025-06-01 17:58:28,904 - SCRAPER - INFO - Inicio de scraper booking.
2025-06-01 17:58:28,905 - SCRAPER - INFO - Iniciando scraping para Almería para el 2025-06-01
2025-06-01 17:58:29,396 - SCRAPER - INFO - Obteniendo resultados de dest_id 1363 (Almería) el 2025-06-01...
2025-06-01 17:58:31,074 - SCRAPER - INFO - Encontrados 25 hoteles en la página de resultados de búsqueda de Almería.
2025-06-01 17:59:50,011 - SCRAPER - INFO - Inicio de scraper booking.
2025-06-01 17:59:50,011 - SCRAPER - INFO - Iniciando scraping para Almería para el 2025-06-01
2025-06-01 17:59:50,480 - SCRAPER - INFO - Obteniendo resultados de dest_id 1363 (Almería) el 2025-06-01...
2025-06-01 17:59:52,139 - SCRAPER - INFO - Encontrados 25 hoteles en la página de resultados de búsqueda de Almería.
2025-06-01 18:01:18,742 - SCRAPER - INFO - Inicio de scraper booking.
2025-06-01 18:01:18,743 - SCRAPER - INFO - Iniciando scraping para Almería para el 2025-06-01
2025-06-01 18:01:19,199 - SCRAPER - INFO - Obteniendo resultados de dest_id 1363 (Almería) el 2025-06-01...
2025-06-01 18:01:21,325 - SCRAPER - INFO - Encontrados 25 hoteles en la página de resultados de búsqueda de Almería.
2025-06-01 18:02:43,379 - SCRAPER - INFO - Inicio de scraper booking.
2025-06-01 18:02:43,379 - SCRAPER - INFO - Iniciando scraping para Almería para el 2025-06-01
2025-06-01 18:02:43,841 - SCRAPER - INFO - Obteniendo resultados de dest_id 1363 (Almería) el 2025-06-01...
2025-06-01 18:02:45,800 - SCRAPER - INFO - Encontrados 25 hoteles en la página de resultados de búsqueda de Almería.
2025-06-01 18:04:11,897 - SCRAPER - INFO - Inicio de scraper booking.
2025-06-01 18:04:11,897 - SCRAPER - INFO - Iniciando scraping para Almería para el 2025-06-01
2025-06-01 18:04:12,322 - SCRAPER - INFO - Obteniendo resultados de dest_id 1363 (Almería) el 2025-06-01...
2025-06-01 18:04:14,429 - SCRAPER - INFO - Encontrados 25 hoteles en la página de resultados de búsqueda de Almería.
2025-06-01 18:05:40,780 - SCRAPER - INFO - Inicio de scraper booking.
2025-06-01 18:05:40,780 - SCRAPER - INFO - Iniciando scraping para Almería para el 2025-06-01
2025-06-01 18:05:41,113 - SCRAPER - INFO - Obteniendo resultados de dest_id 1363 (Almería) el 2025-06-01...
2025-06-01 18:05:42,667 - SCRAPER - INFO - Encontrados 26 hoteles en la página de resultados de búsqueda de Almería.
2025-06-01 18:07:03,548 - SCRAPER - INFO - Inicio de scraper booking.
2025-06-01 18:07:03,549 - SCRAPER - INFO - Iniciando scraping para Almería para el 2025-06-01
2025-06-01 18:07:03,924 - SCRAPER - INFO - Obteniendo resultados de dest_id 1363 (Almería) el 2025-06-01...
2025-06-01 18:07:05,588 - SCRAPER - INFO - Encontrados 25 hoteles en la página de resultados de búsqueda de Almería.
2025-06-01 18:08:29,489 - SCRAPER - INFO - Inicio de scraper booking.
2025-06-01 18:08:29,489 - SCRAPER - INFO - Iniciando scraping para Almería para el 2025-06-01
2025-06-01 18:08:29,831 - SCRAPER - INFO - Obteniendo resultados de dest_id 1363 (Almería) el 2025-06-01...
2025-06-01 18:08:32,081 - SCRAPER - INFO - Encontrados 25 hoteles en la página de resultados de búsqueda de Almería.
2025-06-01 18:09:56,103 - SCRAPER - INFO - Inicio de scraper booking.
2025-06-01 18:09:56,104 - SCRAPER - INFO - Iniciando scraping para Almería para el 2025-06-01
2025-06-01 18:09:56,551 - SCRAPER - INFO - Obteniendo resultados de dest_id 1363 (Almería) el 2025-06-01...
2025-06-01 18:09:58,179 - SCRAPER - INFO - Encontrados 25 hoteles en la página de resultados de búsqueda de Almería.
2025-06-01 18:11:20,182 - SCRAPER - INFO - Inicio de scraper booking.
2025-06-01 18:11:20,183 - SCRAPER - INFO - Iniciando scraping para Almería para el 2025-06-01
2025-06-01 18:11:20,518 - SCRAPER - INFO - Obteniendo resultados de dest_id 1363 (Almería) el 2025-06-01...
2025-06-01 18:11:22,270 - SCRAPER - INFO - Encontrados 25 hoteles en la página de resultados de búsqueda de Almería.
2025-06-01 18:12:47,072 - SCRAPER - INFO - Inicio de scraper booking.
2025-06-01 18:12:47,072 - SCRAPER - INFO - Iniciando scraping para Almería para el 2025-06-01
2025-06-01 18:12:47,570 - SCRAPER - INFO - Obteniendo resultados de dest_id 1363 (Almería) el 2025-06-01...
2025-06-01 18:12:49,263 - SCRAPER - INFO - Encontrados 25 hoteles en la página de resultados de búsqueda de Almería.
2025-06-01 18:14:13,321 - SCRAPER - INFO - Inicio de scraper booking.
2025-06-01 18:14:13,322 - SCRAPER - INFO - Iniciando scraping para Almería para el 2025-06-01
2025-06-01 18:14:13,702 - SCRAPER - INFO - Obteniendo resultados de dest_id 1363 (Almería) el 2025-06-01...
2025-06-01 18:14:15,319 - SCRAPER - INFO - Encontrados 25 hoteles en la página de resultados de búsqueda de Almería.
2025-06-01 18:15:38,848 - SCRAPER - INFO - Inicio de scraper booking.
2025-06-01 18:15:38,848 - SCRAPER - INFO - Iniciando scraping para Almería para el 2025-06-01
2025-06-01 18:15:39,327 - SCRAPER - INFO - Obteniendo resultados de dest_id 1363 (Almería) el 2025-06-01...
2025-06-01 18:15:40,953 - SCRAPER - INFO - Encontrados 25 hoteles en la página de resultados de búsqueda de Almería.
2025-06-01 18:17:06,210 - SCRAPER - INFO - Inicio de scraper booking.
2025-06-01 18:17:06,210 - SCRAPER - INFO - Iniciando scraping para Almería para el 2025-06-01
2025-06-01 18:17:06,710 - SCRAPER - INFO - Obteniendo resultados de dest_id 1363 (Almería) el 2025-06-01...
2025-06-01 18:17:08,617 - SCRAPER - INFO - Encontrados 25 hoteles en la página de resultados de búsqueda de Almería.
2025-06-01 18:18:33,238 - SCRAPER - INFO - Inicio de scraper booking.
2025-06-01 18:18:33,238 - SCRAPER - INFO - Iniciando scraping para Almería para el 2025-06-01
2025-06-01 18:18:33,657 - SCRAPER - INFO - Obteniendo resultados de dest_id 1363 (Almería) el 2025-06-01...
2025-06-01 18:18:35,605 - SCRAPER - INFO - Encontrados 25 hoteles en la página de resultados de búsqueda de Almería.
2025-06-01 18:20:03,208 - SCRAPER - INFO - Inicio de scraper booking.
2025-06-01 18:20:03,209 - SCRAPER - INFO - Iniciando scraping para Almería para el 2025-06-01
2025-06-01 18:20:03,681 - SCRAPER - INFO - Obteniendo resultados de dest_id 1363 (Almería) el 2025-06-01...
2025-06-01 18:20:05,452 - SCRAPER - INFO - Encontrados 25 hoteles en la página de resultados de búsqueda de Almería.
2025-06-01 18:21:24,450 - SCRAPER - INFO - Inicio de scraper booking.
2025-06-01 18:21:24,451 - SCRAPER - INFO - Iniciando scraping para Almería para el 2025-06-01
2025-06-01 18:21:24,782 - SCRAPER - INFO - Obteniendo resultados de dest_id 1363 (Almería) el 2025-06-01...
2025-06-01 18:21:26,505 - SCRAPER - INFO - Encontrados 25 hoteles en la página de resultados de búsqueda de Almería.
2025-06-01 18:22:49,514 - SCRAPER - INFO - Inicio de scraper booking.
2025-06-01 18:22:49,515 - SCRAPER - INFO - Iniciando scraping para Almería para el 2025-06-01
2025-06-01 18:22:49,900 - SCRAPER - INFO - Obteniendo resultados de dest_id 1363 (Almería) el 2025-06-01...
2025-06-01 18:22:51,738 - SCRAPER - INFO - Encontrados 25 hoteles en la página de resultados de búsqueda de Almería.
2025-06-01 18:24:17,808 - SCRAPER - INFO - Inicio de scraper booking.
2025-06-01 18:24:17,808 - SCRAPER - INFO - Iniciando scraping para Almería para el 2025-06-01
2025-06-01 18:24:18,169 - SCRAPER - INFO - Obteniendo resultados de dest_id 1363 (Almería) el 2025-06-01...
2025-06-01 18:24:20,276 - SCRAPER - INFO - Encontrados 25 hoteles en la página de resultados de búsqueda de Almería.
2025-06-01 18:25:44,881 - SCRAPER - INFO - Inicio de scraper booking.
2025-06-01 18:25:44,882 - SCRAPER - INFO - Iniciando scraping para Almería para el 2025-06-01
2025-06-01 18:25:45,234 - SCRAPER - INFO - Obteniendo resultados de dest_id 1363 (Almería) el 2025-06-01...
2025-06-01 18:25:47,017 - SCRAPER - INFO - Encontrados 25 hoteles en la página de resultados de búsqueda de Almería.
2025-06-01 18:27:12,553 - SCRAPER - INFO - Inicio de scraper booking.
2025-06-01 18:27:12,554 - SCRAPER - INFO - Iniciando scraping para Almería para el 2025-06-01
2025-06-01 18:27:12,896 - SCRAPER - INFO - Obteniendo resultados de dest_id 1363 (Almería) el 2025-06-01...
2025-06-01 18:27:14,746 - SCRAPER - INFO - Encontrados 25 hoteles en la página de resultados de búsqueda de Almería.
2025-06-01 18:28:40,040 - SCRAPER - INFO - Inicio de scraper booking.
2025-06-01 18:28:40,041 - SCRAPER - INFO - Iniciando scraping para Almería para el 2025-06-01
2025-06-01 18:28:40,454 - SCRAPER - INFO - Obteniendo resultados de dest_id 1363 (Almería) el 2025-06-01...
2025-06-01 18:28:42,075 - SCRAPER - INFO - Encontrados 25 hoteles en la página de resultados de búsqueda de Almería.
2025-06-01 18:30:04,656 - SCRAPER - INFO - Inicio de scraper booking.
2025-06-01 18:30:04,657 - SCRAPER - INFO - Iniciando scraping para Almería para el 2025-06-01
2025-06-01 18:30:05,120 - SCRAPER - INFO - Obteniendo resultados de dest_id 1363 (Almería) el 2025-06-01...
2025-06-01 18:30:06,792 - SCRAPER - INFO - Encontrados 25 hoteles en la página de resultados de búsqueda de Almería.
2025-06-01 18:31:31,833 - SCRAPER - INFO - Inicio de scraper booking.
2025-06-01 18:31:31,834 - SCRAPER - INFO - Iniciando scraping para Almería para el 2025-06-01
2025-06-01 18:31:32,217 - SCRAPER - INFO - Obteniendo resultados de dest_id 1363 (Almería) el 2025-06-01...
2025-06-01 18:31:34,033 - SCRAPER - INFO - Encontrados 25 hoteles en la página de resultados de búsqueda de Almería.
2025-06-01 18:33:01,559 - SCRAPER - INFO - Inicio de scraper booking.
2025-06-01 18:33:01,559 - SCRAPER - INFO - Iniciando scraping para Almería para el 2025-06-01
2025-06-01 18:33:01,898 - SCRAPER - INFO - Obteniendo resultados de dest_id 1363 (Almería) el 2025-06-01...
2025-06-01 18:33:03,597 - SCRAPER - INFO - Encontrados 25 hoteles en la página de resultados de búsqueda de Almería.
2025-06-01 18:34:29,979 - SCRAPER - INFO - Inicio de scraper booking.
2025-06-01 18:34:29,979 - SCRAPER - INFO - Iniciando scraping para Almería para el 2025-06-01
2025-06-01 18:34:30,455 - SCRAPER - INFO - Obteniendo resultados de dest_id 1363 (Almería) el 2025-06-01...
2025-06-01 18:34:32,143 - SCRAPER - INFO - Encontrados 25 hoteles en la página de resultados de búsqueda de Almería.
2025-06-01 18:35:51,658 - SCRAPER - INFO - Inicio de scraper booking.
2025-06-01 18:35:51,658 - SCRAPER - INFO - Iniciando scraping para Almería para el 2025-06-01
2025-06-01 18:35:52,112 - SCRAPER - INFO - Obteniendo resultados de dest_id 1363 (Almería) el 2025-06-01...
2025-06-01 18:35:53,809 - SCRAPER - INFO - Encontrados 25 hoteles en la página de resultados de búsqueda de Almería.
2025-06-01 18:37:17,835 - SCRAPER - INFO - Inicio de scraper booking.
2025-06-01 18:37:17,835 - SCRAPER - INFO - Iniciando scraping para Almería para el 2025-06-01
2025-06-01 18:37:18,292 - SCRAPER - INFO - Obteniendo resultados de dest_id 1363 (Almería) el 2025-06-01...
2025-06-01 18:37:20,091 - SCRAPER - INFO - Encontrados 25 hoteles en la página de resultados de búsqueda de Almería.
2025-06-01 18:38:40,605 - SCRAPER - INFO - Inicio de scraper booking.
2025-06-01 18:38:40,605 - SCRAPER - INFO - Iniciando scraping para Almería para el 2025-06-01
2025-06-01 18:38:41,086 - SCRAPER - INFO - Obteniendo resultados de dest_id 1363 (Almería) el 2025-06-01...
2025-06-01 18:38:42,778 - SCRAPER - INFO - Encontrados 25 hoteles en la página de resultados de búsqueda de Almería.
2025-06-01 18:40:05,355 - SCRAPER - INFO - Inicio de scraper booking.
2025-06-01 18:40:05,355 - SCRAPER - INFO - Iniciando scraping para Almería para el 2025-06-01
2025-06-01 18:40:05,823 - SCRAPER - INFO - Obteniendo resultados de dest_id 1363 (Almería) el 2025-06-01...
2025-06-01 18:40:07,471 - SCRAPER - INFO - Encontrados 25 hoteles en la página de resultados de búsqueda de Almería.
2025-06-01 18:41:31,386 - SCRAPER - INFO - Inicio de scraper booking.
2025-06-01 18:41:31,387 - SCRAPER - INFO - Iniciando scraping para Almería para el 2025-06-01
2025-06-01 18:41:31,786 - SCRAPER - INFO - Obteniendo resultados de dest_id 1363 (Almería) el 2025-06-01...
2025-06-01 18:41:33,293 - SCRAPER - INFO - Encontrados 25 hoteles en la página de resultados de búsqueda de Almería.
2025-06-01 18:42:54,259 - SCRAPER - INFO - Inicio de scraper booking.
2025-06-01 18:42:54,259 - SCRAPER - INFO - Iniciando scraping para Almería para el 2025-06-01
2025-06-01 18:42:54,678 - SCRAPER - INFO - Obteniendo resultados de dest_id 1363 (Almería) el 2025-06-01...
2025-06-01 18:42:56,314 - SCRAPER - INFO - Encontrados 25 hoteles en la página de resultados de búsqueda de Almería.
2025-06-01 18:44:22,595 - SCRAPER - INFO - Inicio de scraper booking.
2025-06-01 18:44:22,595 - SCRAPER - INFO - Iniciando scraping para Almería para el 2025-06-01
2025-06-01 18:44:22,904 - SCRAPER - INFO - Obteniendo resultados de dest_id 1363 (Almería) el 2025-06-01...
2025-06-01 18:44:24,719 - SCRAPER - INFO - Encontrados 25 hoteles en la página de resultados de búsqueda de Almería.
2025-06-01 18:45:50,569 - SCRAPER - INFO - Inicio de scraper booking.
2025-06-01 18:45:50,569 - SCRAPER - INFO - Iniciando scraping para Almería para el 2025-06-01
2025-06-01 18:45:50,928 - SCRAPER - INFO - Obteniendo resultados de dest_id 1363 (Almería) el 2025-06-01...
2025-06-01 18:45:53,005 - SCRAPER - INFO - Encontrados 25 hoteles en la página de resultados de búsqueda de Almería.
2025-06-01 18:47:18,560 - SCRAPER - INFO - Inicio de scraper booking.
2025-06-01 18:47:18,561 - SCRAPER - INFO - Iniciando scraping para Almería para el 2025-06-01
2025-06-01 18:47:19,069 - SCRAPER - INFO - Obteniendo resultados de dest_id 1363 (Almería) el 2025-06-01...
2025-06-01 18:47:20,801 - SCRAPER - INFO - Encontrados 25 hoteles en la página de resultados de búsqueda de Almería.
2025-06-01 18:48:48,581 - SCRAPER - INFO - Inicio de scraper booking.
2025-06-01 18:48:48,581 - SCRAPER - INFO - Iniciando scraping para Almería para el 2025-06-01
2025-06-01 18:48:49,030 - SCRAPER - INFO - Obteniendo resultados de dest_id 1363 (Almería) el 2025-06-01...
2025-06-01 18:48:50,891 - SCRAPER - INFO - Encontrados 25 hoteles en la página de resultados de búsqueda de Almería.
2025-06-01 18:50:14,592 - SCRAPER - INFO - Inicio de scraper booking.
2025-06-01 18:50:14,592 - SCRAPER - INFO - Iniciando scraping para Almería para el 2025-06-01
2025-06-01 18:50:15,001 - SCRAPER - INFO - Obteniendo resultados de dest_id 1363 (Almería) el 2025-06-01...
2025-06-01 18:50:16,585 - SCRAPER - INFO - Encontrados 25 hoteles en la página de resultados de búsqueda de Almería.
2025-06-01 18:51:40,652 - SCRAPER - INFO - Inicio de scraper booking.
2025-06-01 18:51:40,652 - SCRAPER - INFO - Iniciando scraping para Almería para el 2025-06-01
2025-06-01 18:51:41,131 - SCRAPER - INFO - Obteniendo resultados de dest_id 1363 (Almería) el 2025-06-01...
2025-06-01 18:51:42,985 - SCRAPER - INFO - Encontrados 25 hoteles en la página de resultados de búsqueda de Almería.
2025-06-01 18:53:02,661 - SCRAPER - INFO - Inicio de scraper booking.
2025-06-01 18:53:02,662 - SCRAPER - INFO - Iniciando scraping para Almería para el 2025-06-01
2025-06-01 18:53:03,093 - SCRAPER - INFO - Obteniendo resultados de dest_id 1363 (Almería) el 2025-06-01...
2025-06-01 18:53:06,049 - SCRAPER - INFO - Encontrados 25 hoteles en la página de resultados de búsqueda de Almería.
2025-06-01 18:54:29,894 - SCRAPER - INFO - Inicio de scraper booking.
2025-06-01 18:54:29,894 - SCRAPER - INFO - Iniciando scraping para Almería para el 2025-06-01
2025-06-01 18:54:30,331 - SCRAPER - INFO - Obteniendo resultados de dest_id 1363 (Almería) el 2025-06-01...
2025-06-01 18:54:32,317 - SCRAPER - INFO - Encontrados 25 hoteles en la página de resultados de búsqueda de Almería.
2025-06-01 18:55:54,769 - SCRAPER - INFO - Inicio de scraper booking.
2025-06-01 18:55:54,769 - SCRAPER - INFO - Iniciando scraping para Almería para el 2025-06-01
2025-06-01 18:55:55,151 - SCRAPER - INFO - Obteniendo resultados de dest_id 1363 (Almería) el 2025-06-01...
2025-06-01 18:55:57,033 - SCRAPER - INFO - Encontrados 25 hoteles en la página de resultados de búsqueda de Almería.
2025-06-01 18:57:22,189 - SCRAPER - INFO - Inicio de scraper booking.
2025-06-01 18:57:22,190 - SCRAPER - INFO - Iniciando scraping para Almería para el 2025-06-01
2025-06-01 18:57:22,591 - SCRAPER - INFO - Obteniendo resultados de dest_id 1363 (Almería) el 2025-06-01...
2025-06-01 18:57:24,343 - SCRAPER - INFO - Encontrados 25 hoteles en la página de resultados de búsqueda de Almería.
2025-06-01 18:58:47,636 - SCRAPER - INFO - Inicio de scraper booking.
2025-06-01 18:58:47,636 - SCRAPER - INFO - Iniciando scraping para Almería para el 2025-06-01
2025-06-01 18:58:48,006 - SCRAPER - INFO - Obteniendo resultados de dest_id 1363 (Almería) el 2025-06-01...
2025-06-01 18:58:49,592 - SCRAPER - INFO - Encontrados 25 hoteles en la página de resultados de búsqueda de Almería.
2025-06-01 19:00:11,199 - SCRAPER - INFO - Inicio de scraper booking.
2025-06-01 19:00:11,199 - SCRAPER - INFO - Iniciando scraping para Almería para el 2025-06-01
2025-06-01 19:00:11,615 - SCRAPER - INFO - Obteniendo resultados de dest_id 1363 (Almería) el 2025-06-01...
2025-06-01 19:00:13,600 - SCRAPER - INFO - Encontrados 25 hoteles en la página de resultados de búsqueda de Almería.
2025-06-01 19:01:36,242 - SCRAPER - INFO - Inicio de scraper booking.
2025-06-01 19:01:36,242 - SCRAPER - INFO - Iniciando scraping para Almería para el 2025-06-01
2025-06-01 19:01:36,578 - SCRAPER - INFO - Obteniendo resultados de dest_id 1363 (Almería) el 2025-06-01...
2025-06-01 19:01:38,475 - SCRAPER - INFO - Encontrados 25 hoteles en la página de resultados de búsqueda de Almería.
2025-06-01 19:03:01,783 - SCRAPER - INFO - Inicio de scraper booking.
2025-06-01 19:03:01,783 - SCRAPER - INFO - Iniciando scraping para Almería para el 2025-06-01
2025-06-01 19:03:02,280 - SCRAPER - INFO - Obteniendo resultados de dest_id 1363 (Almería) el 2025-06-01...
2025-06-01 19:03:03,945 - SCRAPER - INFO - Encontrados 25 hoteles en la página de resultados de búsqueda de Almería.
2025-06-01 19:04:29,102 - SCRAPER - INFO - Inicio de scraper booking.
2025-06-01 19:04:29,102 - SCRAPER - INFO - Iniciando scraping para Almería para el 2025-06-01
2025-06-01 19:04:29,428 - SCRAPER - INFO - Obteniendo resultados de dest_id 1363 (Almería) el 2025-06-01...
2025-06-01 19:04:30,984 - SCRAPER - INFO - Encontrados 25 hoteles en la página de resultados de búsqueda de Almería.
2025-06-01 19:05:50,712 - SCRAPER - INFO - Inicio de scraper booking.
2025-06-01 19:05:50,713 - SCRAPER - INFO - Iniciando scraping para Almería para el 2025-06-01
2025-06-01 19:05:51,043 - SCRAPER - INFO - Obteniendo resultados de dest_id 1363 (Almería) el 2025-06-01...
2025-06-01 19:05:52,718 - SCRAPER - INFO - Encontrados 25 hoteles en la página de resultados de búsqueda de Almería.
2025-06-01 19:07:17,194 - SCRAPER - INFO - Inicio de scraper booking.
2025-06-01 19:07:17,194 - SCRAPER - INFO - Iniciando scraping para Almería para el 2025-06-01
2025-06-01 19:07:17,694 - SCRAPER - INFO - Obteniendo resultados de dest_id 1363 (Almería) el 2025-06-01...
2025-06-01 19:07:19,338 - SCRAPER - INFO - Encontrados 25 hoteles en la página de resultados de búsqueda de Almería.
2025-06-01 19:08:40,660 - SCRAPER - INFO - Inicio de scraper booking.
2025-06-01 19:08:40,660 - SCRAPER - INFO - Iniciando scraping para Almería para el 2025-06-01
2025-06-01 19:08:41,106 - SCRAPER - INFO - Obteniendo resultados de dest_id 1363 (Almería) el 2025-06-01...
2025-06-01 19:08:42,737 - SCRAPER - INFO - Encontrados 25 hoteles en la página de resultados de búsqueda de Almería.
2025-06-01 19:10:08,457 - SCRAPER - INFO - Inicio de scraper booking.
2025-06-01 19:10:08,457 - SCRAPER - INFO - Iniciando scraping para Almería para el 2025-06-01
2025-06-01 19:10:08,861 - SCRAPER - INFO - Obteniendo resultados de dest_id 1363 (Almería) el 2025-06-01...
2025-06-01 19:10:10,467 - SCRAPER - INFO - Encontrados 25 hoteles en la página de resultados de búsqueda de Almería.
2025-06-01 19:11:33,043 - SCRAPER - INFO - Inicio de scraper booking.
2025-06-01 19:11:33,043 - SCRAPER - INFO - Iniciando scraping para Almería para el 2025-06-01
2025-06-01 19:11:33,499 - SCRAPER - INFO - Obteniendo resultados de dest_id 1363 (Almería) el 2025-06-01...
2025-06-01 19:11:35,097 - SCRAPER - INFO - Encontrados 25 hoteles en la página de resultados de búsqueda de Almería.
2025-06-01 19:12:56,120 - SCRAPER - INFO - Inicio de scraper booking.
2025-06-01 19:12:56,120 - SCRAPER - INFO - Iniciando scraping para Almería para el 2025-06-01
2025-06-01 19:12:56,467 - SCRAPER - INFO - Obteniendo resultados de dest_id 1363 (Almería) el 2025-06-01...
2025-06-01 19:12:57,940 - SCRAPER - INFO - Encontrados 25 hoteles en la página de resultados de búsqueda de Almería.
2025-06-01 19:14:21,442 - SCRAPER - INFO - Inicio de scraper booking.
2025-06-01 19:14:21,442 - SCRAPER - INFO - Iniciando scraping para Almería para el 2025-06-01
2025-06-01 19:14:21,859 - SCRAPER - INFO - Obteniendo resultados de dest_id 1363 (Almería) el 2025-06-01...
2025-06-01 19:14:23,424 - SCRAPER - INFO - Encontrados 25 hoteles en la página de resultados de búsqueda de Almería.
2025-06-01 19:15:48,784 - SCRAPER - INFO - Inicio de scraper booking.
2025-06-01 19:15:48,784 - SCRAPER - INFO - Iniciando scraping para Almería para el 2025-06-01
2025-06-01 19:15:49,169 - SCRAPER - INFO - Obteniendo resultados de dest_id 1363 (Almería) el 2025-06-01...
2025-06-01 19:15:50,825 - SCRAPER - INFO - Encontrados 25 hoteles en la página de resultados de búsqueda de Almería.
2025-06-01 19:17:14,566 - SCRAPER - INFO - Inicio de scraper booking.
2025-06-01 19:17:14,566 - SCRAPER - INFO - Iniciando scraping para Almería para el 2025-06-01
2025-06-01 19:17:14,942 - SCRAPER - INFO - Obteniendo resultados de dest_id 1363 (Almería) el 2025-06-01...
2025-06-01 19:17:16,519 - SCRAPER - INFO - Encontrados 25 hoteles en la página de resultados de búsqueda de Almería.
2025-06-01 19:18:41,320 - SCRAPER - INFO - Inicio de scraper booking.
2025-06-01 19:18:41,320 - SCRAPER - INFO - Iniciando scraping para Almería para el 2025-06-01
2025-06-01 19:18:41,670 - SCRAPER - INFO - Obteniendo resultados de dest_id 1363 (Almería) el 2025-06-01...
2025-06-01 19:18:43,184 - SCRAPER - INFO - Encontrados 25 hoteles en la página de resultados de búsqueda de Almería.
2025-06-01 19:20:05,706 - SCRAPER - INFO - Inicio de scraper booking.
2025-06-01 19:20:05,707 - SCRAPER - INFO - Iniciando scraping para Almería para el 2025-06-01
2025-06-01 19:20:06,108 - SCRAPER - INFO - Obteniendo resultados de dest_id 1363 (Almería) el 2025-06-01...
2025-06-01 19:20:07,839 - SCRAPER - INFO - Encontrados 25 hoteles en la página de resultados de búsqueda de Almería.
2025-06-01 19:21:30,306 - SCRAPER - INFO - Inicio de scraper booking.
2025-06-01 19:21:30,306 - SCRAPER - INFO - Iniciando scraping para Almería para el 2025-06-01
2025-06-01 19:21:30,660 - SCRAPER - INFO - Obteniendo resultados de dest_id 1363 (Almería) el 2025-06-01...
2025-06-01 19:21:32,523 - SCRAPER - INFO - Encontrados 25 hoteles en la página de resultados de búsqueda de Almería.
2025-06-01 19:22:55,940 - SCRAPER - INFO - Inicio de scraper booking.
2025-06-01 19:22:55,941 - SCRAPER - INFO - Iniciando scraping para Almería para el 2025-06-01
2025-06-01 19:22:56,372 - SCRAPER - INFO - Obteniendo resultados de dest_id 1363 (Almería) el 2025-06-01...
2025-06-01 19:22:58,402 - SCRAPER - INFO - Encontrados 25 hoteles en la página de resultados de búsqueda de Almería.
2025-06-01 19:24:22,524 - SCRAPER - INFO - Inicio de scraper booking.
2025-06-01 19:24:22,524 - SCRAPER - INFO - Iniciando scraping para Almería para el 2025-06-01
2025-06-01 19:24:22,892 - SCRAPER - INFO - Obteniendo resultados de dest_id 1363 (Almería) el 2025-06-01...
2025-06-01 19:24:24,567 - SCRAPER - INFO - Encontrados 25 hoteles en la página de resultados de búsqueda de Almería.
2025-06-01 19:25:49,651 - SCRAPER - INFO - Inicio de scraper booking.
2025-06-01 19:25:49,651 - SCRAPER - INFO - Iniciando scraping para Almería para el 2025-06-01
2025-06-01 19:25:50,136 - SCRAPER - INFO - Obteniendo resultados de dest_id 1363 (Almería) el 2025-06-01...
2025-06-01 19:25:52,018 - SCRAPER - INFO - Encontrados 25 hoteles en la página de resultados de búsqueda de Almería.
2025-06-01 19:27:17,067 - SCRAPER - INFO - Inicio de scraper booking.
2025-06-01 19:27:17,067 - SCRAPER - INFO - Iniciando scraping para Almería para el 2025-06-01
2025-06-01 19:27:17,375 - SCRAPER - INFO - Obteniendo resultados de dest_id 1363 (Almería) el 2025-06-01...
2025-06-01 19:27:18,888 - SCRAPER - INFO - Encontrados 25 hoteles en la página de resultados de búsqueda de Almería.
2025-06-01 19:28:42,526 - SCRAPER - INFO - Inicio de scraper booking.
2025-06-01 19:28:42,526 - SCRAPER - INFO - Iniciando scraping para Almería para el 2025-06-01
2025-06-01 19:28:42,898 - SCRAPER - INFO - Obteniendo resultados de dest_id 1363 (Almería) el 2025-06-01...
2025-06-01 19:28:44,741 - SCRAPER - INFO - Encontrados 25 hoteles en la página de resultados de búsqueda de Almería.
2025-06-01 19:30:07,279 - SCRAPER - INFO - Inicio de scraper booking.
2025-06-01 19:30:07,280 - SCRAPER - INFO - Iniciando scraping para Almería para el 2025-06-01
2025-06-01 19:30:07,636 - SCRAPER - INFO - Obteniendo resultados de dest_id 1363 (Almería) el 2025-06-01...
2025-06-01 19:30:09,300 - SCRAPER - INFO - Encontrados 25 hoteles en la página de resultados de búsqueda de Almería.
2025-06-01 19:31:33,258 - SCRAPER - INFO - Inicio de scraper booking.
2025-06-01 19:31:33,258 - SCRAPER - INFO - Iniciando scraping para Almería para el 2025-06-01
2025-06-01 19:31:33,638 - SCRAPER - INFO - Obteniendo resultados de dest_id 1363 (Almería) el 2025-06-01...
2025-06-01 19:31:35,858 - SCRAPER - INFO - Encontrados 25 hoteles en la página de resultados de búsqueda de Almería.
2025-06-01 19:33:00,158 - SCRAPER - INFO - Inicio de scraper booking.
2025-06-01 19:33:00,158 - SCRAPER - INFO - Iniciando scraping para Almería para el 2025-06-01
2025-06-01 19:33:00,611 - SCRAPER - INFO - Obteniendo resultados de dest_id 1363 (Almería) el 2025-06-01...
2025-06-01 19:33:02,127 - SCRAPER - INFO - Encontrados 25 hoteles en la página de resultados de búsqueda de Almería.
2025-06-01 19:34:23,389 - SCRAPER - INFO - Inicio de scraper booking.
2025-06-01 19:34:23,389 - SCRAPER - INFO - Iniciando scraping para Almería para el 2025-06-01
2025-06-01 19:34:23,697 - SCRAPER - INFO - Obteniendo resultados de dest_id 1363 (Almería) el 2025-06-01...
2025-06-01 19:34:25,268 - SCRAPER - INFO - Encontrados 25 hoteles en la página de resultados de búsqueda de Almería.
2025-06-01 19:35:47,204 - SCRAPER - INFO - Inicio de scraper booking.
2025-06-01 19:35:47,204 - SCRAPER - INFO - Iniciando scraping para Almería para el 2025-06-01
2025-06-01 19:35:47,561 - SCRAPER - INFO - Obteniendo resultados de dest_id 1363 (Almería) el 2025-06-01...
2025-06-01 19:35:49,336 - SCRAPER - INFO - Encontrados 25 hoteles en la página de resultados de búsqueda de Almería.
2025-06-01 19:37:10,658 - SCRAPER - INFO - Inicio de scraper booking.
2025-06-01 19:37:10,658 - SCRAPER - INFO - Iniciando scraping para Almería para el 2025-06-01
2025-06-01 19:37:11,136 - SCRAPER - INFO - Obteniendo resultados de dest_id 1363 (Almería) el 2025-06-01...
2025-06-01 19:37:13,055 - SCRAPER - INFO - Encontrados 25 hoteles en la página de resultados de búsqueda de Almería.
2025-06-01 19:38:36,608 - SCRAPER - INFO - Inicio de scraper booking.
2025-06-01 19:38:36,608 - SCRAPER - INFO - Iniciando scraping para Almería para el 2025-06-01
2025-06-01 19:38:37,110 - SCRAPER - INFO - Obteniendo resultados de dest_id 1363 (Almería) el 2025-06-01...
2025-06-01 19:38:38,597 - SCRAPER - INFO - Encontrados 25 hoteles en la página de resultados de búsqueda de Almería.
2025-06-01 19:39:57,171 - SCRAPER - INFO - Inicio de scraper booking.
2025-06-01 19:39:57,171 - SCRAPER - INFO - Iniciando scraping para Almería para el 2025-06-01
2025-06-01 19:39:57,528 - SCRAPER - INFO - Obteniendo resultados de dest_id 1363 (Almería) el 2025-06-01...
2025-06-01 19:39:59,412 - SCRAPER - INFO - Encontrados 25 hoteles en la página de resultados de búsqueda de Almería.
2025-06-01 19:41:20,874 - SCRAPER - INFO - Inicio de scraper booking.
2025-06-01 19:41:20,874 - SCRAPER - INFO - Iniciando scraping para Almería para el 2025-06-01
2025-06-01 19:41:21,237 - SCRAPER - INFO - Obteniendo resultados de dest_id 1363 (Almería) el 2025-06-01...
2025-06-01 19:41:23,515 - SCRAPER - INFO - Encontrados 25 hoteles en la página de resultados de búsqueda de Almería.
2025-06-01 19:42:47,005 - SCRAPER - INFO - Inicio de scraper booking.
2025-06-01 19:42:47,005 - SCRAPER - INFO - Iniciando scraping para Almería para el 2025-06-01
2025-06-01 19:42:47,481 - SCRAPER - INFO - Obteniendo resultados de dest_id 1363 (Almería) el 2025-06-01...
2025-06-01 19:42:49,315 - SCRAPER - INFO - Encontrados 25 hoteles en la página de resultados de búsqueda de Almería.
2025-06-01 19:44:12,773 - SCRAPER - INFO - Inicio de scraper booking.
2025-06-01 19:44:12,774 - SCRAPER - INFO - Iniciando scraping para Almería para el 2025-06-01
2025-06-01 19:44:13,118 - SCRAPER - INFO - Obteniendo resultados de dest_id 1363 (Almería) el 2025-06-01...
2025-06-01 19:44:14,891 - SCRAPER - INFO - Encontrados 25 hoteles en la página de resultados de búsqueda de Almería.
2025-06-01 19:45:32,609 - SCRAPER - INFO - Inicio de scraper booking.
2025-06-01 19:45:32,609 - SCRAPER - INFO - Iniciando scraping para Almería para el 2025-06-01
2025-06-01 19:45:32,969 - SCRAPER - INFO - Obteniendo resultados de dest_id 1363 (Almería) el 2025-06-01...
2025-06-01 19:45:35,195 - SCRAPER - INFO - Encontrados 25 hoteles en la página de resultados de búsqueda de Almería.
2025-06-01 19:46:59,962 - SCRAPER - INFO - Inicio de scraper booking.
2025-06-01 19:46:59,963 - SCRAPER - INFO - Iniciando scraping para Almería para el 2025-06-01
2025-06-01 19:47:00,417 - SCRAPER - INFO - Obteniendo resultados de dest_id 1363 (Almería) el 2025-06-01...
2025-06-01 19:47:02,226 - SCRAPER - INFO - Encontrados 25 hoteles en la página de resultados de búsqueda de Almería.
2025-06-01 19:48:25,901 - SCRAPER - INFO - Inicio de scraper booking.
2025-06-01 19:48:25,901 - SCRAPER - INFO - Iniciando scraping para Almería para el 2025-06-01
2025-06-01 19:48:26,253 - SCRAPER - INFO - Obteniendo resultados de dest_id 1363 (Almería) el 2025-06-01...
2025-06-01 19:48:28,521 - SCRAPER - INFO - Encontrados 25 hoteles en la página de resultados de búsqueda de Almería.
2025-06-01 19:49:50,382 - SCRAPER - INFO - Inicio de scraper booking.
2025-06-01 19:49:50,382 - SCRAPER - INFO - Iniciando scraping para Almería para el 2025-06-01
2025-06-01 19:49:50,792 - SCRAPER - INFO - Obteniendo resultados de dest_id 1363 (Almería) el 2025-06-01...
2025-06-01 19:49:52,443 - SCRAPER - INFO - Encontrados 25 hoteles en la página de resultados de búsqueda de Almería.
2025-06-01 19:51:13,713 - SCRAPER - INFO - Inicio de scraper booking.
2025-06-01 19:51:13,713 - SCRAPER - INFO - Iniciando scraping para Almería para el 2025-06-01
2025-06-01 19:51:14,134 - SCRAPER - INFO - Obteniendo resultados de dest_id 1363 (Almería) el 2025-06-01...
2025-06-01 19:51:15,693 - SCRAPER - INFO - Encontrados 25 hoteles en la página de resultados de búsqueda de Almería.
2025-06-01 19:52:40,051 - SCRAPER - INFO - Inicio de scraper booking.
2025-06-01 19:52:40,052 - SCRAPER - INFO - Iniciando scraping para Almería para el 2025-06-01
2025-06-01 19:52:40,543 - SCRAPER - INFO - Obteniendo resultados de dest_id 1363 (Almería) el 2025-06-01...
2025-06-01 19:52:42,148 - SCRAPER - INFO - Encontrados 25 hoteles en la página de resultados de búsqueda de Almería.
2025-06-01 19:54:05,295 - SCRAPER - INFO - Inicio de scraper booking.
2025-06-01 19:54:05,295 - SCRAPER - INFO - Iniciando scraping para Almería para el 2025-06-01
2025-06-01 19:54:05,688 - SCRAPER - INFO - Obteniendo resultados de dest_id 1363 (Almería) el 2025-06-01...
2025-06-01 19:54:07,319 - SCRAPER - INFO - Encontrados 25 hoteles en la página de resultados de búsqueda de Almería.
2025-06-01 19:55:31,026 - SCRAPER - INFO - Inicio de scraper booking.
2025-06-01 19:55:31,027 - SCRAPER - INFO - Iniciando scraping para Almería para el 2025-06-01
2025-06-01 19:55:31,332 - SCRAPER - INFO - Obteniendo resultados de dest_id 1363 (Almería) el 2025-06-01...
2025-06-01 19:55:33,035 - SCRAPER - INFO - Encontrados 25 hoteles en la página de resultados de búsqueda de Almería.
2025-06-01 19:56:59,401 - SCRAPER - INFO - Inicio de scraper booking.
2025-06-01 19:56:59,401 - SCRAPER - INFO - Iniciando scraping para Almería para el 2025-06-01
2025-06-01 19:56:59,800 - SCRAPER - INFO - Obteniendo resultados de dest_id 1363 (Almería) el 2025-06-01...
2025-06-01 19:57:01,610 - SCRAPER - INFO - Encontrados 25 hoteles en la página de resultados de búsqueda de Almería.
2025-06-01 19:58:25,564 - SCRAPER - INFO - Inicio de scraper booking.
2025-06-01 19:58:25,564 - SCRAPER - INFO - Iniciando scraping para Almería para el 2025-06-01
2025-06-01 19:58:25,957 - SCRAPER - INFO - Obteniendo resultados de dest_id 1363 (Almería) el 2025-06-01...
2025-06-01 19:58:28,001 - SCRAPER - INFO - Encontrados 25 hoteles en la página de resultados de búsqueda de Almería.
2025-06-01 19:59:52,426 - SCRAPER - INFO - Inicio de scraper booking.
2025-06-01 19:59:52,426 - SCRAPER - INFO - Iniciando scraping para Almería para el 2025-06-01
2025-06-01 19:59:52,742 - SCRAPER - INFO - Obteniendo resultados de dest_id 1363 (Almería) el 2025-06-01...
2025-06-01 19:59:54,634 - SCRAPER - INFO - Encontrados 25 hoteles en la página de resultados de búsqueda de Almería.
2025-06-01 20:01:13,101 - SCRAPER - INFO - Inicio de scraper booking.
2025-06-01 20:01:13,101 - SCRAPER - INFO - Iniciando scraping para Almería para el 2025-06-01
2025-06-01 20:01:13,500 - SCRAPER - INFO - Obteniendo resultados de dest_id 1363 (Almería) el 2025-06-01...
2025-06-01 20:01:15,110 - SCRAPER - INFO - Encontrados 25 hoteles en la página de resultados de búsqueda de Almería.
2025-06-01 20:02:41,366 - SCRAPER - INFO - Inicio de scraper booking.
2025-06-01 20:02:41,367 - SCRAPER - INFO - Iniciando scraping para Almería para el 2025-06-01
2025-06-01 20:02:41,721 - SCRAPER - INFO - Obteniendo resultados de dest_id 1363 (Almería) el 2025-06-01...
2025-06-01 20:02:43,357 - SCRAPER - INFO - Encontrados 25 hoteles en la página de resultados de búsqueda de Almería.
2025-06-01 20:04:05,543 - SCRAPER - INFO - Inicio de scraper booking.
2025-06-01 20:04:05,543 - SCRAPER - INFO - Iniciando scraping para Almería para el 2025-06-01
2025-06-01 20:04:05,997 - SCRAPER - INFO - Obteniendo resultados de dest_id 1363 (Almería) el 2025-06-01...
2025-06-01 20:04:07,428 - SCRAPER - INFO - Encontrados 25 hoteles en la página de resultados de búsqueda de Almería.
2025-06-01 20:05:32,568 - SCRAPER - INFO - Inicio de scraper booking.
2025-06-01 20:05:32,569 - SCRAPER - INFO - Iniciando scraping para Almería para el 2025-06-01
2025-06-01 20:05:33,049 - SCRAPER - INFO - Obteniendo resultados de dest_id 1363 (Almería) el 2025-06-01...
2025-06-01 20:05:34,883 - SCRAPER - INFO - Encontrados 25 hoteles en la página de resultados de búsqueda de Almería.
2025-06-01 20:06:58,413 - SCRAPER - INFO - Inicio de scraper booking.
2025-06-01 20:06:58,414 - SCRAPER - INFO - Iniciando scraping para Almería para el 2025-06-01
2025-06-01 20:06:58,853 - SCRAPER - INFO - Obteniendo resultados de dest_id 1363 (Almería) el 2025-06-01...
2025-06-01 20:07:00,502 - SCRAPER - INFO - Encontrados 25 hoteles en la página de resultados de búsqueda de Almería.
2025-06-01 20:08:23,761 - SCRAPER - INFO - Inicio de scraper booking.
2025-06-01 20:08:23,761 - SCRAPER - INFO - Iniciando scraping para Almería para el 2025-06-01
2025-06-01 20:08:24,245 - SCRAPER - INFO - Obteniendo resultados de dest_id 1363 (Almería) el 2025-06-01...
2025-06-01 20:08:26,048 - SCRAPER - INFO - Encontrados 25 hoteles en la página de resultados de búsqueda de Almería.
2025-06-01 20:09:50,477 - SCRAPER - INFO - Inicio de scraper booking.
2025-06-01 20:09:50,477 - SCRAPER - INFO - Iniciando scraping para Almería para el 2025-06-01
2025-06-01 20:09:50,781 - SCRAPER - INFO - Obteniendo resultados de dest_id 1363 (Almería) el 2025-06-01...
2025-06-01 20:09:52,559 - SCRAPER - INFO - Encontrados 25 hoteles en la página de resultados de búsqueda de Almería.
2025-06-01 20:11:16,030 - SCRAPER - INFO - Inicio de scraper booking.
2025-06-01 20:11:16,030 - SCRAPER - INFO - Iniciando scraping para Almería para el 2025-06-01
2025-06-01 20:11:16,414 - SCRAPER - INFO - Obteniendo resultados de dest_id 1363 (Almería) el 2025-06-01...
2025-06-01 20:11:18,066 - SCRAPER - INFO - Encontrados 25 hoteles en la página de resultados de búsqueda de Almería.
2025-06-01 20:12:42,762 - SCRAPER - INFO - Inicio de scraper booking.
2025-06-01 20:12:42,762 - SCRAPER - INFO - Iniciando scraping para Almería para el 2025-06-01
2025-06-01 20:12:43,120 - SCRAPER - INFO - Obteniendo resultados de dest_id 1363 (Almería) el 2025-06-01...
2025-06-01 20:12:45,001 - SCRAPER - INFO - Encontrados 25 hoteles en la página de resultados de búsqueda de Almería.
2025-06-01 20:14:06,827 - SCRAPER - INFO - Inicio de scraper booking.
2025-06-01 20:14:06,827 - SCRAPER - INFO - Iniciando scraping para Almería para el 2025-06-01
2025-06-01 20:14:07,159 - SCRAPER - INFO - Obteniendo resultados de dest_id 1363 (Almería) el 2025-06-01...
2025-06-01 20:14:08,966 - SCRAPER - INFO - Encontrados 25 hoteles en la página de resultados de búsqueda de Almería.
2025-06-01 20:15:32,101 - SCRAPER - INFO - Inicio de scraper booking.
2025-06-01 20:15:32,101 - SCRAPER - INFO - Iniciando scraping para Almería para el 2025-06-01
2025-06-01 20:15:32,545 - SCRAPER - INFO - Obteniendo resultados de dest_id 1363 (Almería) el 2025-06-01...
2025-06-01 20:15:34,406 - SCRAPER - INFO - Encontrados 25 hoteles en la página de resultados de búsqueda de Almería.
2025-06-01 20:16:58,174 - SCRAPER - INFO - Inicio de scraper booking.
2025-06-01 20:16:58,175 - SCRAPER - INFO - Iniciando scraping para Almería para el 2025-06-01
2025-06-01 20:16:58,580 - SCRAPER - INFO - Obteniendo resultados de dest_id 1363 (Almería) el 2025-06-01...
2025-06-01 20:17:00,511 - SCRAPER - INFO - Encontrados 25 hoteles en la página de resultados de búsqueda de Almería.
2025-06-01 20:18:23,403 - SCRAPER - INFO - Inicio de scraper booking.
2025-06-01 20:18:23,403 - SCRAPER - INFO - Iniciando scraping para Almería para el 2025-06-01
2025-06-01 20:18:23,739 - SCRAPER - INFO - Obteniendo resultados de dest_id 1363 (Almería) el 2025-06-01...
2025-06-01 20:18:25,332 - SCRAPER - INFO - Encontrados 25 hoteles en la página de resultados de búsqueda de Almería.
2025-06-01 20:19:49,758 - SCRAPER - INFO - Inicio de scraper booking.
2025-06-01 20:19:49,758 - SCRAPER - INFO - Iniciando scraping para Almería para el 2025-06-01
2025-06-01 20:19:50,191 - SCRAPER - INFO - Obteniendo resultados de dest_id 1363 (Almería) el 2025-06-01...
2025-06-01 20:19:51,815 - SCRAPER - INFO - Encontrados 25 hoteles en la página de resultados de búsqueda de Almería.
2025-06-01 20:21:18,700 - SCRAPER - INFO - Inicio de scraper booking.
2025-06-01 20:21:18,700 - SCRAPER - INFO - Iniciando scraping para Almería para el 2025-06-01
2025-06-01 20:21:19,135 - SCRAPER - INFO - Obteniendo resultados de dest_id 1363 (Almería) el 2025-06-01...
2025-06-01 20:21:20,754 - SCRAPER - INFO - Encontrados 25 hoteles en la página de resultados de búsqueda de Almería.
2025-06-01 20:22:43,045 - SCRAPER - INFO - Inicio de scraper booking.
2025-06-01 20:22:43,045 - SCRAPER - INFO - Iniciando scraping para Almería para el 2025-06-01
2025-06-01 20:22:43,472 - SCRAPER - INFO - Obteniendo resultados de dest_id 1363 (Almería) el 2025-06-01...
2025-06-01 20:22:44,978 - SCRAPER - INFO - Encontrados 25 hoteles en la página de resultados de búsqueda de Almería.
2025-06-01 20:24:08,785 - SCRAPER - INFO - Inicio de scraper booking.
2025-06-01 20:24:08,785 - SCRAPER - INFO - Iniciando scraping para Almería para el 2025-06-01
2025-06-01 20:24:09,267 - SCRAPER - INFO - Obteniendo resultados de dest_id 1363 (Almería) el 2025-06-01...
2025-06-01 20:24:10,968 - SCRAPER - INFO - Encontrados 25 hoteles en la página de resultados de búsqueda de Almería.
2025-06-01 20:25:36,799 - SCRAPER - INFO - Inicio de scraper booking.
2025-06-01 20:25:36,799 - SCRAPER - INFO - Iniciando scraping para Almería para el 2025-06-01
2025-06-01 20:25:37,193 - SCRAPER - INFO - Obteniendo resultados de dest_id 1363 (Almería) el 2025-06-01...
2025-06-01 20:25:38,810 - SCRAPER - INFO - Encontrados 25 hoteles en la página de resultados de búsqueda de Almería.
2025-06-01 20:27:02,397 - SCRAPER - INFO - Inicio de scraper booking.
2025-06-01 20:27:02,397 - SCRAPER - INFO - Iniciando scraping para Almería para el 2025-06-01
2025-06-01 20:27:02,765 - SCRAPER - INFO - Obteniendo resultados de dest_id 1363 (Almería) el 2025-06-01...
2025-06-01 20:27:04,360 - SCRAPER - INFO - Encontrados 25 hoteles en la página de resultados de búsqueda de Almería.
2025-06-01 20:28:29,510 - SCRAPER - INFO - Inicio de scraper booking.
2025-06-01 20:28:29,511 - SCRAPER - INFO - Iniciando scraping para Almería para el 2025-06-01
2025-06-01 20:28:29,948 - SCRAPER - INFO - Obteniendo resultados de dest_id 1363 (Almería) el 2025-06-01...
2025-06-01 20:28:31,755 - SCRAPER - INFO - Encontrados 25 hoteles en la página de resultados de búsqueda de Almería.
