2025-05-30 00:31:57,291 - SCRAPER - INFO - Inicio de scraper booking.
2025-05-30 00:31:57,291 - SCRAPER - INFO - Iniciando scraping para Almería para el 2025-05-30
2025-05-30 00:31:57,651 - SCRAPER - INFO - Obteniendo resultados de dest_id 1363 (Almería) el 2025-05-30...
2025-05-30 00:31:59,165 - SCRAPER - INFO - Encontrados 25 hoteles en la página de resultados de búsqueda de Almería.
2025-05-30 00:33:10,648 - SCRAPER - INFO - Inicio de scraper booking.
2025-05-30 00:33:10,649 - SCRAPER - INFO - Iniciando scraping para Almería para el 2025-05-30
2025-05-30 00:33:11,134 - SCRAPER - INFO - Obteniendo resultados de dest_id 1363 (Almería) el 2025-05-30...
2025-05-30 00:33:12,531 - SCRAPER - INFO - Encontrados 25 hoteles en la página de resultados de búsqueda de Almería.
2025-05-30 00:34:24,439 - SCRAPER - INFO - Inicio de scraper booking.
2025-05-30 00:34:24,439 - SCRAPER - INFO - Iniciando scraping para Almería para el 2025-05-30
2025-05-30 00:34:24,832 - SCRAPER - INFO - Obteniendo resultados de dest_id 1363 (Almería) el 2025-05-30...
2025-05-30 00:34:26,339 - SCRAPER - INFO - Encontrados 25 hoteles en la página de resultados de búsqueda de Almería.
2025-05-30 00:35:40,131 - SCRAPER - INFO - Inicio de scraper booking.
2025-05-30 00:35:40,131 - SCRAPER - INFO - Iniciando scraping para Almería para el 2025-05-30
2025-05-30 00:35:40,645 - SCRAPER - INFO - Obteniendo resultados de dest_id 1363 (Almería) el 2025-05-30...
2025-05-30 00:35:42,116 - SCRAPER - INFO - Encontrados 25 hoteles en la página de resultados de búsqueda de Almería.
2025-05-30 00:36:54,595 - SCRAPER - INFO - Inicio de scraper booking.
2025-05-30 00:36:54,595 - SCRAPER - INFO - Iniciando scraping para Almería para el 2025-05-30
2025-05-30 00:36:54,946 - SCRAPER - INFO - Obteniendo resultados de dest_id 1363 (Almería) el 2025-05-30...
2025-05-30 00:36:56,559 - SCRAPER - INFO - Encontrados 25 hoteles en la página de resultados de búsqueda de Almería.
2025-05-30 00:38:13,862 - SCRAPER - INFO - Inicio de scraper booking.
2025-05-30 00:38:13,862 - SCRAPER - INFO - Iniciando scraping para Almería para el 2025-05-30
2025-05-30 00:38:14,291 - SCRAPER - INFO - Obteniendo resultados de dest_id 1363 (Almería) el 2025-05-30...
2025-05-30 00:38:15,942 - SCRAPER - INFO - Encontrados 25 hoteles en la página de resultados de búsqueda de Almería.
2025-05-30 00:39:29,332 - SCRAPER - INFO - Inicio de scraper booking.
2025-05-30 00:39:29,332 - SCRAPER - INFO - Iniciando scraping para Almería para el 2025-05-30
2025-05-30 00:39:29,638 - SCRAPER - INFO - Obteniendo resultados de dest_id 1363 (Almería) el 2025-05-30...
2025-05-30 00:39:31,062 - SCRAPER - INFO - Encontrados 25 hoteles en la página de resultados de búsqueda de Almería.
2025-05-30 00:40:44,529 - SCRAPER - INFO - Inicio de scraper booking.
2025-05-30 00:40:44,529 - SCRAPER - INFO - Iniciando scraping para Almería para el 2025-05-30
2025-05-30 00:40:44,973 - SCRAPER - INFO - Obteniendo resultados de dest_id 1363 (Almería) el 2025-05-30...
2025-05-30 00:40:46,477 - SCRAPER - INFO - Encontrados 25 hoteles en la página de resultados de búsqueda de Almería.
2025-05-30 00:42:02,345 - SCRAPER - INFO - Inicio de scraper booking.
2025-05-30 00:42:02,345 - SCRAPER - INFO - Iniciando scraping para Almería para el 2025-05-30
2025-05-30 00:42:02,803 - SCRAPER - INFO - Obteniendo resultados de dest_id 1363 (Almería) el 2025-05-30...
2025-05-30 00:42:04,562 - SCRAPER - INFO - Encontrados 25 hoteles en la página de resultados de búsqueda de Almería.
2025-05-30 00:43:17,990 - SCRAPER - INFO - Inicio de scraper booking.
2025-05-30 00:43:17,990 - SCRAPER - INFO - Iniciando scraping para Almería para el 2025-05-30
2025-05-30 00:43:18,330 - SCRAPER - INFO - Obteniendo resultados de dest_id 1363 (Almería) el 2025-05-30...
2025-05-30 00:43:19,862 - SCRAPER - INFO - Encontrados 25 hoteles en la página de resultados de búsqueda de Almería.
2025-05-30 00:44:33,393 - SCRAPER - INFO - Inicio de scraper booking.
2025-05-30 00:44:33,393 - SCRAPER - INFO - Iniciando scraping para Almería para el 2025-05-30
2025-05-30 00:44:33,741 - SCRAPER - INFO - Obteniendo resultados de dest_id 1363 (Almería) el 2025-05-30...
2025-05-30 00:44:35,140 - SCRAPER - INFO - Encontrados 25 hoteles en la página de resultados de búsqueda de Almería.
2025-05-30 00:45:47,892 - SCRAPER - INFO - Inicio de scraper booking.
2025-05-30 00:45:47,892 - SCRAPER - INFO - Iniciando scraping para Almería para el 2025-05-30
2025-05-30 00:45:48,286 - SCRAPER - INFO - Obteniendo resultados de dest_id 1363 (Almería) el 2025-05-30...
2025-05-30 00:45:49,656 - SCRAPER - INFO - Encontrados 25 hoteles en la página de resultados de búsqueda de Almería.
2025-05-30 00:47:03,236 - SCRAPER - INFO - Inicio de scraper booking.
2025-05-30 00:47:03,236 - SCRAPER - INFO - Iniciando scraping para Almería para el 2025-05-30
2025-05-30 00:47:03,713 - SCRAPER - INFO - Obteniendo resultados de dest_id 1363 (Almería) el 2025-05-30...
2025-05-30 00:47:05,314 - SCRAPER - INFO - Encontrados 25 hoteles en la página de resultados de búsqueda de Almería.
2025-05-30 00:48:18,252 - SCRAPER - INFO - Inicio de scraper booking.
2025-05-30 00:48:18,252 - SCRAPER - INFO - Iniciando scraping para Almería para el 2025-05-30
2025-05-30 00:48:18,729 - SCRAPER - INFO - Obteniendo resultados de dest_id 1363 (Almería) el 2025-05-30...
2025-05-30 00:48:20,495 - SCRAPER - INFO - Encontrados 25 hoteles en la página de resultados de búsqueda de Almería.
2025-05-30 00:49:33,035 - SCRAPER - INFO - Inicio de scraper booking.
2025-05-30 00:49:33,035 - SCRAPER - INFO - Iniciando scraping para Almería para el 2025-05-30
2025-05-30 00:49:33,360 - SCRAPER - INFO - Obteniendo resultados de dest_id 1363 (Almería) el 2025-05-30...
2025-05-30 00:49:35,037 - SCRAPER - INFO - Encontrados 25 hoteles en la página de resultados de búsqueda de Almería.
2025-05-30 00:50:50,112 - SCRAPER - INFO - Inicio de scraper booking.
2025-05-30 00:50:50,112 - SCRAPER - INFO - Iniciando scraping para Almería para el 2025-05-30
2025-05-30 00:50:50,512 - SCRAPER - INFO - Obteniendo resultados de dest_id 1363 (Almería) el 2025-05-30...
2025-05-30 00:50:52,235 - SCRAPER - INFO - Encontrados 25 hoteles en la página de resultados de búsqueda de Almería.
2025-05-30 00:52:04,215 - SCRAPER - INFO - Inicio de scraper booking.
2025-05-30 00:52:04,215 - SCRAPER - INFO - Iniciando scraping para Almería para el 2025-05-30
2025-05-30 00:52:04,521 - SCRAPER - INFO - Obteniendo resultados de dest_id 1363 (Almería) el 2025-05-30...
2025-05-30 00:52:06,055 - SCRAPER - INFO - Encontrados 25 hoteles en la página de resultados de búsqueda de Almería.
2025-05-30 00:53:18,506 - SCRAPER - INFO - Inicio de scraper booking.
2025-05-30 00:53:18,506 - SCRAPER - INFO - Iniciando scraping para Almería para el 2025-05-30
2025-05-30 00:53:18,842 - SCRAPER - INFO - Obteniendo resultados de dest_id 1363 (Almería) el 2025-05-30...
2025-05-30 00:53:20,591 - SCRAPER - INFO - Encontrados 25 hoteles en la página de resultados de búsqueda de Almería.
2025-05-30 00:54:32,611 - SCRAPER - INFO - Inicio de scraper booking.
2025-05-30 00:54:32,612 - SCRAPER - INFO - Iniciando scraping para Almería para el 2025-05-30
2025-05-30 00:54:32,990 - SCRAPER - INFO - Obteniendo resultados de dest_id 1363 (Almería) el 2025-05-30...
2025-05-30 00:54:34,517 - SCRAPER - INFO - Encontrados 25 hoteles en la página de resultados de búsqueda de Almería.
2025-05-30 00:55:48,697 - SCRAPER - INFO - Inicio de scraper booking.
2025-05-30 00:55:48,697 - SCRAPER - INFO - Iniciando scraping para Almería para el 2025-05-30
2025-05-30 00:55:49,037 - SCRAPER - INFO - Obteniendo resultados de dest_id 1363 (Almería) el 2025-05-30...
2025-05-30 00:55:50,775 - SCRAPER - INFO - Encontrados 25 hoteles en la página de resultados de búsqueda de Almería.
2025-05-30 00:57:03,579 - SCRAPER - INFO - Inicio de scraper booking.
2025-05-30 00:57:03,580 - SCRAPER - INFO - Iniciando scraping para Almería para el 2025-05-30
2025-05-30 00:57:04,020 - SCRAPER - INFO - Obteniendo resultados de dest_id 1363 (Almería) el 2025-05-30...
2025-05-30 00:57:05,554 - SCRAPER - INFO - Encontrados 25 hoteles en la página de resultados de búsqueda de Almería.
2025-05-30 00:58:18,600 - SCRAPER - INFO - Inicio de scraper booking.
2025-05-30 00:58:18,600 - SCRAPER - INFO - Iniciando scraping para Almería para el 2025-05-30
2025-05-30 00:58:19,095 - SCRAPER - INFO - Obteniendo resultados de dest_id 1363 (Almería) el 2025-05-30...
2025-05-30 00:58:20,778 - SCRAPER - INFO - Encontrados 25 hoteles en la página de resultados de búsqueda de Almería.
2025-05-30 00:59:34,088 - SCRAPER - INFO - Inicio de scraper booking.
2025-05-30 00:59:34,088 - SCRAPER - INFO - Iniciando scraping para Almería para el 2025-05-30
2025-05-30 00:59:34,528 - SCRAPER - INFO - Obteniendo resultados de dest_id 1363 (Almería) el 2025-05-30...
2025-05-30 00:59:35,931 - SCRAPER - INFO - Encontrados 25 hoteles en la página de resultados de búsqueda de Almería.
2025-05-30 01:00:50,256 - SCRAPER - INFO - Inicio de scraper booking.
2025-05-30 01:00:50,256 - SCRAPER - INFO - Iniciando scraping para Almería para el 2025-05-30
2025-05-30 01:00:50,607 - SCRAPER - INFO - Obteniendo resultados de dest_id 1363 (Almería) el 2025-05-30...
2025-05-30 01:00:52,442 - SCRAPER - INFO - Encontrados 25 hoteles en la página de resultados de búsqueda de Almería.
2025-05-30 01:02:04,003 - SCRAPER - INFO - Inicio de scraper booking.
2025-05-30 01:02:04,003 - SCRAPER - INFO - Iniciando scraping para Almería para el 2025-05-30
2025-05-30 01:02:04,317 - SCRAPER - INFO - Obteniendo resultados de dest_id 1363 (Almería) el 2025-05-30...
2025-05-30 01:02:05,897 - SCRAPER - INFO - Encontrados 25 hoteles en la página de resultados de búsqueda de Almería.
2025-05-30 01:03:16,274 - SCRAPER - INFO - Inicio de scraper booking.
2025-05-30 01:03:16,274 - SCRAPER - INFO - Iniciando scraping para Almería para el 2025-05-30
2025-05-30 01:03:16,658 - SCRAPER - INFO - Obteniendo resultados de dest_id 1363 (Almería) el 2025-05-30...
2025-05-30 01:03:18,339 - SCRAPER - INFO - Encontrados 25 hoteles en la página de resultados de búsqueda de Almería.
2025-05-30 01:04:30,268 - SCRAPER - INFO - Inicio de scraper booking.
2025-05-30 01:04:30,269 - SCRAPER - INFO - Iniciando scraping para Almería para el 2025-05-30
2025-05-30 01:04:30,731 - SCRAPER - INFO - Obteniendo resultados de dest_id 1363 (Almería) el 2025-05-30...
2025-05-30 01:04:32,749 - SCRAPER - INFO - Encontrados 25 hoteles en la página de resultados de búsqueda de Almería.
2025-05-30 01:05:44,299 - SCRAPER - INFO - Inicio de scraper booking.
2025-05-30 01:05:44,299 - SCRAPER - INFO - Iniciando scraping para Almería para el 2025-05-30
2025-05-30 01:05:44,655 - SCRAPER - INFO - Obteniendo resultados de dest_id 1363 (Almería) el 2025-05-30...
2025-05-30 01:05:46,102 - SCRAPER - INFO - Encontrados 25 hoteles en la página de resultados de búsqueda de Almería.
2025-05-30 01:06:59,492 - SCRAPER - INFO - Inicio de scraper booking.
2025-05-30 01:06:59,492 - SCRAPER - INFO - Iniciando scraping para Almería para el 2025-05-30
2025-05-30 01:06:59,970 - SCRAPER - INFO - Obteniendo resultados de dest_id 1363 (Almería) el 2025-05-30...
2025-05-30 01:07:01,412 - SCRAPER - INFO - Encontrados 25 hoteles en la página de resultados de búsqueda de Almería.
2025-05-30 01:08:14,170 - SCRAPER - INFO - Inicio de scraper booking.
2025-05-30 01:08:14,170 - SCRAPER - INFO - Iniciando scraping para Almería para el 2025-05-30
2025-05-30 01:08:14,623 - SCRAPER - INFO - Obteniendo resultados de dest_id 1363 (Almería) el 2025-05-30...
2025-05-30 01:08:16,199 - SCRAPER - INFO - Encontrados 25 hoteles en la página de resultados de búsqueda de Almería.
2025-05-30 01:09:28,936 - SCRAPER - INFO - Inicio de scraper booking.
2025-05-30 01:09:28,936 - SCRAPER - INFO - Iniciando scraping para Almería para el 2025-05-30
2025-05-30 01:09:29,387 - SCRAPER - INFO - Obteniendo resultados de dest_id 1363 (Almería) el 2025-05-30...
2025-05-30 01:09:30,890 - SCRAPER - INFO - Encontrados 25 hoteles en la página de resultados de búsqueda de Almería.
2025-05-30 01:10:44,037 - SCRAPER - INFO - Inicio de scraper booking.
2025-05-30 01:10:44,037 - SCRAPER - INFO - Iniciando scraping para Almería para el 2025-05-30
2025-05-30 01:10:44,523 - SCRAPER - INFO - Obteniendo resultados de dest_id 1363 (Almería) el 2025-05-30...
2025-05-30 01:10:46,025 - SCRAPER - INFO - Encontrados 25 hoteles en la página de resultados de búsqueda de Almería.
2025-05-30 01:11:59,972 - SCRAPER - INFO - Inicio de scraper booking.
2025-05-30 01:11:59,973 - SCRAPER - INFO - Iniciando scraping para Almería para el 2025-05-30
2025-05-30 01:12:00,416 - SCRAPER - INFO - Obteniendo resultados de dest_id 1363 (Almería) el 2025-05-30...
2025-05-30 01:12:01,816 - SCRAPER - INFO - Encontrados 25 hoteles en la página de resultados de búsqueda de Almería.
2025-05-30 01:13:14,373 - SCRAPER - INFO - Inicio de scraper booking.
2025-05-30 01:13:14,373 - SCRAPER - INFO - Iniciando scraping para Almería para el 2025-05-30
2025-05-30 01:13:14,683 - SCRAPER - INFO - Obteniendo resultados de dest_id 1363 (Almería) el 2025-05-30...
2025-05-30 01:13:16,357 - SCRAPER - INFO - Encontrados 25 hoteles en la página de resultados de búsqueda de Almería.
2025-05-30 01:14:28,340 - SCRAPER - INFO - Inicio de scraper booking.
2025-05-30 01:14:28,340 - SCRAPER - INFO - Iniciando scraping para Almería para el 2025-05-30
2025-05-30 01:14:28,669 - SCRAPER - INFO - Obteniendo resultados de dest_id 1363 (Almería) el 2025-05-30...
2025-05-30 01:14:30,229 - SCRAPER - INFO - Encontrados 25 hoteles en la página de resultados de búsqueda de Almería.
2025-05-30 01:15:42,487 - SCRAPER - INFO - Inicio de scraper booking.
2025-05-30 01:15:42,487 - SCRAPER - INFO - Iniciando scraping para Almería para el 2025-05-30
2025-05-30 01:15:42,944 - SCRAPER - INFO - Obteniendo resultados de dest_id 1363 (Almería) el 2025-05-30...
2025-05-30 01:15:44,413 - SCRAPER - INFO - Encontrados 25 hoteles en la página de resultados de búsqueda de Almería.
2025-05-30 01:16:57,116 - SCRAPER - INFO - Inicio de scraper booking.
2025-05-30 01:16:57,116 - SCRAPER - INFO - Iniciando scraping para Almería para el 2025-05-30
2025-05-30 01:16:57,451 - SCRAPER - INFO - Obteniendo resultados de dest_id 1363 (Almería) el 2025-05-30...
2025-05-30 01:16:58,986 - SCRAPER - INFO - Encontrados 25 hoteles en la página de resultados de búsqueda de Almería.
2025-05-30 01:18:13,129 - SCRAPER - INFO - Inicio de scraper booking.
2025-05-30 01:18:13,129 - SCRAPER - INFO - Iniciando scraping para Almería para el 2025-05-30
2025-05-30 01:18:13,519 - SCRAPER - INFO - Obteniendo resultados de dest_id 1363 (Almería) el 2025-05-30...
2025-05-30 01:18:15,258 - SCRAPER - INFO - Encontrados 25 hoteles en la página de resultados de búsqueda de Almería.
2025-05-30 01:19:28,676 - SCRAPER - INFO - Inicio de scraper booking.
2025-05-30 01:19:28,676 - SCRAPER - INFO - Iniciando scraping para Almería para el 2025-05-30
2025-05-30 01:19:29,164 - SCRAPER - INFO - Obteniendo resultados de dest_id 1363 (Almería) el 2025-05-30...
2025-05-30 01:19:30,854 - SCRAPER - INFO - Encontrados 25 hoteles en la página de resultados de búsqueda de Almería.
2025-05-30 01:20:43,023 - SCRAPER - INFO - Inicio de scraper booking.
2025-05-30 01:20:43,023 - SCRAPER - INFO - Iniciando scraping para Almería para el 2025-05-30
2025-05-30 01:20:43,423 - SCRAPER - INFO - Obteniendo resultados de dest_id 1363 (Almería) el 2025-05-30...
2025-05-30 01:20:45,043 - SCRAPER - INFO - Encontrados 25 hoteles en la página de resultados de búsqueda de Almería.
2025-05-30 01:21:57,119 - SCRAPER - INFO - Inicio de scraper booking.
2025-05-30 01:21:57,119 - SCRAPER - INFO - Iniciando scraping para Almería para el 2025-05-30
2025-05-30 01:21:57,583 - SCRAPER - INFO - Obteniendo resultados de dest_id 1363 (Almería) el 2025-05-30...
2025-05-30 01:21:59,248 - SCRAPER - INFO - Encontrados 25 hoteles en la página de resultados de búsqueda de Almería.
2025-05-30 01:23:12,529 - SCRAPER - INFO - Inicio de scraper booking.
2025-05-30 01:23:12,529 - SCRAPER - INFO - Iniciando scraping para Almería para el 2025-05-30
2025-05-30 01:23:12,860 - SCRAPER - INFO - Obteniendo resultados de dest_id 1363 (Almería) el 2025-05-30...
2025-05-30 01:23:14,308 - SCRAPER - INFO - Encontrados 25 hoteles en la página de resultados de búsqueda de Almería.
2025-05-30 01:24:26,873 - SCRAPER - INFO - Inicio de scraper booking.
2025-05-30 01:24:26,873 - SCRAPER - INFO - Iniciando scraping para Almería para el 2025-05-30
2025-05-30 01:24:27,386 - SCRAPER - INFO - Obteniendo resultados de dest_id 1363 (Almería) el 2025-05-30...
2025-05-30 01:24:28,857 - SCRAPER - INFO - Encontrados 25 hoteles en la página de resultados de búsqueda de Almería.
2025-05-30 01:25:40,120 - SCRAPER - INFO - Inicio de scraper booking.
2025-05-30 01:25:40,120 - SCRAPER - INFO - Iniciando scraping para Almería para el 2025-05-30
2025-05-30 01:25:40,529 - SCRAPER - INFO - Obteniendo resultados de dest_id 1363 (Almería) el 2025-05-30...
2025-05-30 01:25:42,366 - SCRAPER - INFO - Encontrados 25 hoteles en la página de resultados de búsqueda de Almería.
2025-05-30 01:26:54,957 - SCRAPER - INFO - Inicio de scraper booking.
2025-05-30 01:26:54,957 - SCRAPER - INFO - Iniciando scraping para Almería para el 2025-05-30
2025-05-30 01:26:55,260 - SCRAPER - INFO - Obteniendo resultados de dest_id 1363 (Almería) el 2025-05-30...
2025-05-30 01:26:56,766 - SCRAPER - INFO - Encontrados 25 hoteles en la página de resultados de búsqueda de Almería.
2025-05-30 01:28:09,699 - SCRAPER - INFO - Inicio de scraper booking.
2025-05-30 01:28:09,699 - SCRAPER - INFO - Iniciando scraping para Almería para el 2025-05-30
2025-05-30 01:28:10,060 - SCRAPER - INFO - Obteniendo resultados de dest_id 1363 (Almería) el 2025-05-30...
2025-05-30 01:28:11,583 - SCRAPER - INFO - Encontrados 25 hoteles en la página de resultados de búsqueda de Almería.
2025-05-30 01:29:24,036 - SCRAPER - INFO - Inicio de scraper booking.
2025-05-30 01:29:24,036 - SCRAPER - INFO - Iniciando scraping para Almería para el 2025-05-30
2025-05-30 01:29:24,440 - SCRAPER - INFO - Obteniendo resultados de dest_id 1363 (Almería) el 2025-05-30...
2025-05-30 01:29:25,894 - SCRAPER - INFO - Encontrados 25 hoteles en la página de resultados de búsqueda de Almería.
2025-05-30 01:30:38,910 - SCRAPER - INFO - Inicio de scraper booking.
2025-05-30 01:30:38,910 - SCRAPER - INFO - Iniciando scraping para Almería para el 2025-05-30
2025-05-30 01:30:39,313 - SCRAPER - INFO - Obteniendo resultados de dest_id 1363 (Almería) el 2025-05-30...
2025-05-30 01:30:40,852 - SCRAPER - INFO - Encontrados 25 hoteles en la página de resultados de búsqueda de Almería.
2025-05-30 01:31:53,174 - SCRAPER - INFO - Inicio de scraper booking.
2025-05-30 01:31:53,174 - SCRAPER - INFO - Iniciando scraping para Almería para el 2025-05-30
2025-05-30 01:31:53,584 - SCRAPER - INFO - Obteniendo resultados de dest_id 1363 (Almería) el 2025-05-30...
2025-05-30 01:31:55,244 - SCRAPER - INFO - Encontrados 25 hoteles en la página de resultados de búsqueda de Almería.
2025-05-30 01:33:07,401 - SCRAPER - INFO - Inicio de scraper booking.
2025-05-30 01:33:07,401 - SCRAPER - INFO - Iniciando scraping para Almería para el 2025-05-30
2025-05-30 01:33:07,781 - SCRAPER - INFO - Obteniendo resultados de dest_id 1363 (Almería) el 2025-05-30...
2025-05-30 01:33:09,366 - SCRAPER - INFO - Encontrados 25 hoteles en la página de resultados de búsqueda de Almería.
2025-05-30 01:34:22,976 - SCRAPER - INFO - Inicio de scraper booking.
2025-05-30 01:34:22,977 - SCRAPER - INFO - Iniciando scraping para Almería para el 2025-05-30
2025-05-30 01:34:23,323 - SCRAPER - INFO - Obteniendo resultados de dest_id 1363 (Almería) el 2025-05-30...
2025-05-30 01:34:24,777 - SCRAPER - INFO - Encontrados 25 hoteles en la página de resultados de búsqueda de Almería.
2025-05-30 01:35:37,858 - SCRAPER - INFO - Inicio de scraper booking.
2025-05-30 01:35:37,858 - SCRAPER - INFO - Iniciando scraping para Almería para el 2025-05-30
2025-05-30 01:35:38,208 - SCRAPER - INFO - Obteniendo resultados de dest_id 1363 (Almería) el 2025-05-30...
2025-05-30 01:35:39,704 - SCRAPER - INFO - Encontrados 25 hoteles en la página de resultados de búsqueda de Almería.
2025-05-30 01:36:52,274 - SCRAPER - INFO - Inicio de scraper booking.
2025-05-30 01:36:52,275 - SCRAPER - INFO - Iniciando scraping para Almería para el 2025-05-30
2025-05-30 01:36:52,709 - SCRAPER - INFO - Obteniendo resultados de dest_id 1363 (Almería) el 2025-05-30...
2025-05-30 01:36:54,625 - SCRAPER - INFO - Encontrados 25 hoteles en la página de resultados de búsqueda de Almería.
2025-05-30 01:38:07,140 - SCRAPER - INFO - Inicio de scraper booking.
2025-05-30 01:38:07,140 - SCRAPER - INFO - Iniciando scraping para Almería para el 2025-05-30
2025-05-30 01:38:07,534 - SCRAPER - INFO - Obteniendo resultados de dest_id 1363 (Almería) el 2025-05-30...
2025-05-30 01:38:09,012 - SCRAPER - INFO - Encontrados 25 hoteles en la página de resultados de búsqueda de Almería.
2025-05-30 01:39:20,180 - SCRAPER - INFO - Inicio de scraper booking.
2025-05-30 01:39:20,180 - SCRAPER - INFO - Iniciando scraping para Almería para el 2025-05-30
2025-05-30 01:39:20,621 - SCRAPER - INFO - Obteniendo resultados de dest_id 1363 (Almería) el 2025-05-30...
2025-05-30 01:39:22,207 - SCRAPER - INFO - Encontrados 25 hoteles en la página de resultados de búsqueda de Almería.
2025-05-30 01:40:34,916 - SCRAPER - INFO - Inicio de scraper booking.
2025-05-30 01:40:34,916 - SCRAPER - INFO - Iniciando scraping para Almería para el 2025-05-30
2025-05-30 01:40:35,310 - SCRAPER - INFO - Obteniendo resultados de dest_id 1363 (Almería) el 2025-05-30...
2025-05-30 01:40:37,209 - SCRAPER - INFO - Encontrados 25 hoteles en la página de resultados de búsqueda de Almería.
2025-05-30 01:41:50,700 - SCRAPER - INFO - Inicio de scraper booking.
2025-05-30 01:41:50,701 - SCRAPER - INFO - Iniciando scraping para Almería para el 2025-05-30
2025-05-30 01:41:51,153 - SCRAPER - INFO - Obteniendo resultados de dest_id 1363 (Almería) el 2025-05-30...
2025-05-30 01:41:53,005 - SCRAPER - INFO - Encontrados 25 hoteles en la página de resultados de búsqueda de Almería.
2025-05-30 01:43:04,875 - SCRAPER - INFO - Inicio de scraper booking.
2025-05-30 01:43:04,875 - SCRAPER - INFO - Iniciando scraping para Almería para el 2025-05-30
2025-05-30 01:43:05,203 - SCRAPER - INFO - Obteniendo resultados de dest_id 1363 (Almería) el 2025-05-30...
2025-05-30 01:43:06,655 - SCRAPER - INFO - Encontrados 25 hoteles en la página de resultados de búsqueda de Almería.
2025-05-30 01:44:18,834 - SCRAPER - INFO - Inicio de scraper booking.
2025-05-30 01:44:18,834 - SCRAPER - INFO - Iniciando scraping para Almería para el 2025-05-30
2025-05-30 01:44:19,192 - SCRAPER - INFO - Obteniendo resultados de dest_id 1363 (Almería) el 2025-05-30...
2025-05-30 01:44:20,713 - SCRAPER - INFO - Encontrados 25 hoteles en la página de resultados de búsqueda de Almería.
2025-05-30 01:45:35,692 - SCRAPER - INFO - Inicio de scraper booking.
2025-05-30 01:45:35,692 - SCRAPER - INFO - Iniciando scraping para Almería para el 2025-05-30
2025-05-30 01:45:36,027 - SCRAPER - INFO - Obteniendo resultados de dest_id 1363 (Almería) el 2025-05-30...
2025-05-30 01:45:37,530 - SCRAPER - INFO - Encontrados 25 hoteles en la página de resultados de búsqueda de Almería.
2025-05-30 01:46:50,503 - SCRAPER - INFO - Inicio de scraper booking.
2025-05-30 01:46:50,503 - SCRAPER - INFO - Iniciando scraping para Almería para el 2025-05-30
2025-05-30 01:46:50,952 - SCRAPER - INFO - Obteniendo resultados de dest_id 1363 (Almería) el 2025-05-30...
2025-05-30 01:46:52,503 - SCRAPER - INFO - Encontrados 25 hoteles en la página de resultados de búsqueda de Almería.
2025-05-30 01:48:05,282 - SCRAPER - INFO - Inicio de scraper booking.
2025-05-30 01:48:05,282 - SCRAPER - INFO - Iniciando scraping para Almería para el 2025-05-30
2025-05-30 01:48:05,711 - SCRAPER - INFO - Obteniendo resultados de dest_id 1363 (Almería) el 2025-05-30...
2025-05-30 01:48:07,291 - SCRAPER - INFO - Encontrados 25 hoteles en la página de resultados de búsqueda de Almería.
2025-05-30 01:49:21,856 - SCRAPER - INFO - Inicio de scraper booking.
2025-05-30 01:49:21,856 - SCRAPER - INFO - Iniciando scraping para Almería para el 2025-05-30
2025-05-30 01:49:22,166 - SCRAPER - INFO - Obteniendo resultados de dest_id 1363 (Almería) el 2025-05-30...
2025-05-30 01:49:23,799 - SCRAPER - INFO - Encontrados 25 hoteles en la página de resultados de búsqueda de Almería.
2025-05-30 01:50:35,279 - SCRAPER - INFO - Inicio de scraper booking.
2025-05-30 01:50:35,279 - SCRAPER - INFO - Iniciando scraping para Almería para el 2025-05-30
2025-05-30 01:50:35,771 - SCRAPER - INFO - Obteniendo resultados de dest_id 1363 (Almería) el 2025-05-30...
2025-05-30 01:50:37,188 - SCRAPER - INFO - Encontrados 25 hoteles en la página de resultados de búsqueda de Almería.
2025-05-30 01:51:49,875 - SCRAPER - INFO - Inicio de scraper booking.
2025-05-30 01:51:49,876 - SCRAPER - INFO - Iniciando scraping para Almería para el 2025-05-30
2025-05-30 01:51:50,219 - SCRAPER - INFO - Obteniendo resultados de dest_id 1363 (Almería) el 2025-05-30...
2025-05-30 01:51:51,797 - SCRAPER - INFO - Encontrados 25 hoteles en la página de resultados de búsqueda de Almería.
2025-05-30 01:53:03,647 - SCRAPER - INFO - Inicio de scraper booking.
2025-05-30 01:53:03,647 - SCRAPER - INFO - Iniciando scraping para Almería para el 2025-05-30
2025-05-30 01:53:04,076 - SCRAPER - INFO - Obteniendo resultados de dest_id 1363 (Almería) el 2025-05-30...
2025-05-30 01:53:05,696 - SCRAPER - INFO - Encontrados 25 hoteles en la página de resultados de búsqueda de Almería.
2025-05-30 01:54:18,190 - SCRAPER - INFO - Inicio de scraper booking.
2025-05-30 01:54:18,190 - SCRAPER - INFO - Iniciando scraping para Almería para el 2025-05-30
2025-05-30 01:54:18,651 - SCRAPER - INFO - Obteniendo resultados de dest_id 1363 (Almería) el 2025-05-30...
2025-05-30 01:54:20,080 - SCRAPER - INFO - Encontrados 25 hoteles en la página de resultados de búsqueda de Almería.
2025-05-30 01:55:34,738 - SCRAPER - INFO - Inicio de scraper booking.
2025-05-30 01:55:34,738 - SCRAPER - INFO - Iniciando scraping para Almería para el 2025-05-30
2025-05-30 01:55:35,208 - SCRAPER - INFO - Obteniendo resultados de dest_id 1363 (Almería) el 2025-05-30...
2025-05-30 01:55:38,429 - SCRAPER - INFO - Encontrados 25 hoteles en la página de resultados de búsqueda de Almería.
2025-05-30 01:56:51,203 - SCRAPER - INFO - Inicio de scraper booking.
2025-05-30 01:56:51,203 - SCRAPER - INFO - Iniciando scraping para Almería para el 2025-05-30
2025-05-30 01:56:51,627 - SCRAPER - INFO - Obteniendo resultados de dest_id 1363 (Almería) el 2025-05-30...
2025-05-30 01:56:53,027 - SCRAPER - INFO - Encontrados 25 hoteles en la página de resultados de búsqueda de Almería.
2025-05-30 01:58:05,113 - SCRAPER - INFO - Inicio de scraper booking.
2025-05-30 01:58:05,113 - SCRAPER - INFO - Iniciando scraping para Almería para el 2025-05-30
2025-05-30 01:58:05,479 - SCRAPER - INFO - Obteniendo resultados de dest_id 1363 (Almería) el 2025-05-30...
2025-05-30 01:58:07,014 - SCRAPER - INFO - Encontrados 25 hoteles en la página de resultados de búsqueda de Almería.
2025-05-30 01:59:19,376 - SCRAPER - INFO - Inicio de scraper booking.
2025-05-30 01:59:19,376 - SCRAPER - INFO - Iniciando scraping para Almería para el 2025-05-30
2025-05-30 01:59:19,866 - SCRAPER - INFO - Obteniendo resultados de dest_id 1363 (Almería) el 2025-05-30...
2025-05-30 01:59:21,306 - SCRAPER - INFO - Encontrados 25 hoteles en la página de resultados de búsqueda de Almería.
2025-05-30 02:00:33,101 - SCRAPER - INFO - Inicio de scraper booking.
2025-05-30 02:00:33,101 - SCRAPER - INFO - Iniciando scraping para Almería para el 2025-05-30
2025-05-30 02:00:33,571 - SCRAPER - INFO - Obteniendo resultados de dest_id 1363 (Almería) el 2025-05-30...
2025-05-30 02:00:35,202 - SCRAPER - INFO - Encontrados 25 hoteles en la página de resultados de búsqueda de Almería.
2025-05-30 02:01:47,892 - SCRAPER - INFO - Inicio de scraper booking.
2025-05-30 02:01:47,892 - SCRAPER - INFO - Iniciando scraping para Almería para el 2025-05-30
2025-05-30 02:01:48,367 - SCRAPER - INFO - Obteniendo resultados de dest_id 1363 (Almería) el 2025-05-30...
2025-05-30 02:01:49,821 - SCRAPER - INFO - Encontrados 25 hoteles en la página de resultados de búsqueda de Almería.
2025-05-30 02:03:02,552 - SCRAPER - INFO - Inicio de scraper booking.
2025-05-30 02:03:02,552 - SCRAPER - INFO - Iniciando scraping para Almería para el 2025-05-30
2025-05-30 02:03:02,856 - SCRAPER - INFO - Obteniendo resultados de dest_id 1363 (Almería) el 2025-05-30...
2025-05-30 02:03:04,626 - SCRAPER - INFO - Encontrados 25 hoteles en la página de resultados de búsqueda de Almería.
2025-05-30 02:04:17,413 - SCRAPER - INFO - Inicio de scraper booking.
2025-05-30 02:04:17,413 - SCRAPER - INFO - Iniciando scraping para Almería para el 2025-05-30
2025-05-30 02:04:17,794 - SCRAPER - INFO - Obteniendo resultados de dest_id 1363 (Almería) el 2025-05-30...
2025-05-30 02:04:19,334 - SCRAPER - INFO - Encontrados 25 hoteles en la página de resultados de búsqueda de Almería.
2025-05-30 02:05:32,155 - SCRAPER - INFO - Inicio de scraper booking.
2025-05-30 02:05:32,155 - SCRAPER - INFO - Iniciando scraping para Almería para el 2025-05-30
2025-05-30 02:05:32,617 - SCRAPER - INFO - Obteniendo resultados de dest_id 1363 (Almería) el 2025-05-30...
2025-05-30 02:05:34,039 - SCRAPER - INFO - Encontrados 25 hoteles en la página de resultados de búsqueda de Almería.
2025-05-30 02:06:47,501 - SCRAPER - INFO - Inicio de scraper booking.
2025-05-30 02:06:47,501 - SCRAPER - INFO - Iniciando scraping para Almería para el 2025-05-30
2025-05-30 02:06:47,820 - SCRAPER - INFO - Obteniendo resultados de dest_id 1363 (Almería) el 2025-05-30...
2025-05-30 02:06:49,779 - SCRAPER - INFO - Encontrados 25 hoteles en la página de resultados de búsqueda de Almería.
2025-05-30 02:08:03,618 - SCRAPER - INFO - Inicio de scraper booking.
2025-05-30 02:08:03,618 - SCRAPER - INFO - Iniciando scraping para Almería para el 2025-05-30
2025-05-30 02:08:03,953 - SCRAPER - INFO - Obteniendo resultados de dest_id 1363 (Almería) el 2025-05-30...
2025-05-30 02:08:05,370 - SCRAPER - INFO - Encontrados 25 hoteles en la página de resultados de búsqueda de Almería.
2025-05-30 02:09:17,445 - SCRAPER - INFO - Inicio de scraper booking.
2025-05-30 02:09:17,445 - SCRAPER - INFO - Iniciando scraping para Almería para el 2025-05-30
2025-05-30 02:09:17,906 - SCRAPER - INFO - Obteniendo resultados de dest_id 1363 (Almería) el 2025-05-30...
2025-05-30 02:09:19,361 - SCRAPER - INFO - Encontrados 25 hoteles en la página de resultados de búsqueda de Almería.
2025-05-30 02:10:31,804 - SCRAPER - INFO - Inicio de scraper booking.
2025-05-30 02:10:31,804 - SCRAPER - INFO - Iniciando scraping para Almería para el 2025-05-30
2025-05-30 02:10:32,246 - SCRAPER - INFO - Obteniendo resultados de dest_id 1363 (Almería) el 2025-05-30...
2025-05-30 02:10:33,665 - SCRAPER - INFO - Encontrados 25 hoteles en la página de resultados de búsqueda de Almería.
2025-05-30 02:11:45,880 - SCRAPER - INFO - Inicio de scraper booking.
2025-05-30 02:11:45,880 - SCRAPER - INFO - Iniciando scraping para Almería para el 2025-05-30
2025-05-30 02:11:46,336 - SCRAPER - INFO - Obteniendo resultados de dest_id 1363 (Almería) el 2025-05-30...
2025-05-30 02:11:47,877 - SCRAPER - INFO - Encontrados 25 hoteles en la página de resultados de búsqueda de Almería.
2025-05-30 02:13:01,514 - SCRAPER - INFO - Inicio de scraper booking.
2025-05-30 02:13:01,515 - SCRAPER - INFO - Iniciando scraping para Almería para el 2025-05-30
2025-05-30 02:13:01,841 - SCRAPER - INFO - Obteniendo resultados de dest_id 1363 (Almería) el 2025-05-30...
2025-05-30 02:13:03,315 - SCRAPER - INFO - Encontrados 25 hoteles en la página de resultados de búsqueda de Almería.
2025-05-30 02:14:15,958 - SCRAPER - INFO - Inicio de scraper booking.
2025-05-30 02:14:15,958 - SCRAPER - INFO - Iniciando scraping para Almería para el 2025-05-30
2025-05-30 02:14:16,400 - SCRAPER - INFO - Obteniendo resultados de dest_id 1363 (Almería) el 2025-05-30...
2025-05-30 02:14:17,837 - SCRAPER - INFO - Encontrados 25 hoteles en la página de resultados de búsqueda de Almería.
2025-05-30 02:15:32,219 - SCRAPER - INFO - Inicio de scraper booking.
2025-05-30 02:15:32,220 - SCRAPER - INFO - Iniciando scraping para Almería para el 2025-05-30
2025-05-30 02:15:32,681 - SCRAPER - INFO - Obteniendo resultados de dest_id 1363 (Almería) el 2025-05-30...
2025-05-30 02:15:34,143 - SCRAPER - INFO - Encontrados 25 hoteles en la página de resultados de búsqueda de Almería.
2025-05-30 02:16:47,560 - SCRAPER - INFO - Inicio de scraper booking.
2025-05-30 02:16:47,560 - SCRAPER - INFO - Iniciando scraping para Almería para el 2025-05-30
2025-05-30 02:16:48,024 - SCRAPER - INFO - Obteniendo resultados de dest_id 1363 (Almería) el 2025-05-30...
2025-05-30 02:16:49,584 - SCRAPER - INFO - Encontrados 25 hoteles en la página de resultados de búsqueda de Almería.
2025-05-30 02:18:02,353 - SCRAPER - INFO - Inicio de scraper booking.
2025-05-30 02:18:02,354 - SCRAPER - INFO - Iniciando scraping para Almería para el 2025-05-30
2025-05-30 02:18:02,776 - SCRAPER - INFO - Obteniendo resultados de dest_id 1363 (Almería) el 2025-05-30...
2025-05-30 02:18:04,248 - SCRAPER - INFO - Encontrados 25 hoteles en la página de resultados de búsqueda de Almería.
2025-05-30 02:19:17,313 - SCRAPER - INFO - Inicio de scraper booking.
2025-05-30 02:19:17,313 - SCRAPER - INFO - Iniciando scraping para Almería para el 2025-05-30
2025-05-30 02:19:17,802 - SCRAPER - INFO - Obteniendo resultados de dest_id 1363 (Almería) el 2025-05-30...
2025-05-30 02:19:19,521 - SCRAPER - INFO - Encontrados 25 hoteles en la página de resultados de búsqueda de Almería.
2025-05-30 02:20:30,504 - SCRAPER - INFO - Inicio de scraper booking.
2025-05-30 02:20:30,504 - SCRAPER - INFO - Iniciando scraping para Almería para el 2025-05-30
2025-05-30 02:20:30,945 - SCRAPER - INFO - Obteniendo resultados de dest_id 1363 (Almería) el 2025-05-30...
2025-05-30 02:20:32,499 - SCRAPER - INFO - Encontrados 25 hoteles en la página de resultados de búsqueda de Almería.
2025-05-30 02:21:44,638 - SCRAPER - INFO - Inicio de scraper booking.
2025-05-30 02:21:44,638 - SCRAPER - INFO - Iniciando scraping para Almería para el 2025-05-30
2025-05-30 02:21:45,018 - SCRAPER - INFO - Obteniendo resultados de dest_id 1363 (Almería) el 2025-05-30...
2025-05-30 02:21:46,589 - SCRAPER - INFO - Encontrados 25 hoteles en la página de resultados de búsqueda de Almería.
2025-05-30 02:22:59,423 - SCRAPER - INFO - Inicio de scraper booking.
2025-05-30 02:22:59,424 - SCRAPER - INFO - Iniciando scraping para Almería para el 2025-05-30
2025-05-30 02:22:59,932 - SCRAPER - INFO - Obteniendo resultados de dest_id 1363 (Almería) el 2025-05-30...
2025-05-30 02:23:01,617 - SCRAPER - INFO - Encontrados 25 hoteles en la página de resultados de búsqueda de Almería.
2025-05-30 02:24:14,426 - SCRAPER - INFO - Inicio de scraper booking.
2025-05-30 02:24:14,426 - SCRAPER - INFO - Iniciando scraping para Almería para el 2025-05-30
2025-05-30 02:24:14,792 - SCRAPER - INFO - Obteniendo resultados de dest_id 1363 (Almería) el 2025-05-30...
2025-05-30 02:24:16,311 - SCRAPER - INFO - Encontrados 25 hoteles en la página de resultados de búsqueda de Almería.
2025-05-30 02:25:27,278 - SCRAPER - INFO - Inicio de scraper booking.
2025-05-30 02:25:27,279 - SCRAPER - INFO - Iniciando scraping para Almería para el 2025-05-30
2025-05-30 02:25:27,712 - SCRAPER - INFO - Obteniendo resultados de dest_id 1363 (Almería) el 2025-05-30...
2025-05-30 02:25:29,131 - SCRAPER - INFO - Encontrados 25 hoteles en la página de resultados de búsqueda de Almería.
2025-05-30 02:26:41,980 - SCRAPER - INFO - Inicio de scraper booking.
2025-05-30 02:26:41,980 - SCRAPER - INFO - Iniciando scraping para Almería para el 2025-05-30
2025-05-30 02:26:42,298 - SCRAPER - INFO - Obteniendo resultados de dest_id 1363 (Almería) el 2025-05-30...
2025-05-30 02:26:43,673 - SCRAPER - INFO - Encontrados 25 hoteles en la página de resultados de búsqueda de Almería.
2025-05-30 02:27:55,975 - SCRAPER - INFO - Inicio de scraper booking.
2025-05-30 02:27:55,975 - SCRAPER - INFO - Iniciando scraping para Almería para el 2025-05-30
2025-05-30 02:27:56,357 - SCRAPER - INFO - Obteniendo resultados de dest_id 1363 (Almería) el 2025-05-30...
2025-05-30 02:27:57,730 - SCRAPER - INFO - Encontrados 25 hoteles en la página de resultados de búsqueda de Almería.
2025-05-30 02:29:09,672 - SCRAPER - INFO - Inicio de scraper booking.
2025-05-30 02:29:09,672 - SCRAPER - INFO - Iniciando scraping para Almería para el 2025-05-30
2025-05-30 02:29:10,055 - SCRAPER - INFO - Obteniendo resultados de dest_id 1363 (Almería) el 2025-05-30...
2025-05-30 02:29:11,475 - SCRAPER - INFO - Encontrados 25 hoteles en la página de resultados de búsqueda de Almería.
2025-05-30 02:30:24,307 - SCRAPER - INFO - Inicio de scraper booking.
2025-05-30 02:30:24,307 - SCRAPER - INFO - Iniciando scraping para Almería para el 2025-05-30
2025-05-30 02:30:24,688 - SCRAPER - INFO - Obteniendo resultados de dest_id 1363 (Almería) el 2025-05-30...
2025-05-30 02:30:26,146 - SCRAPER - INFO - Encontrados 25 hoteles en la página de resultados de búsqueda de Almería.
2025-05-30 02:31:39,098 - SCRAPER - INFO - Inicio de scraper booking.
2025-05-30 02:31:39,098 - SCRAPER - INFO - Iniciando scraping para Almería para el 2025-05-30
2025-05-30 02:31:39,476 - SCRAPER - INFO - Obteniendo resultados de dest_id 1363 (Almería) el 2025-05-30...
2025-05-30 02:31:40,924 - SCRAPER - INFO - Encontrados 25 hoteles en la página de resultados de búsqueda de Almería.
2025-05-30 02:32:54,312 - SCRAPER - INFO - Inicio de scraper booking.
2025-05-30 02:32:54,312 - SCRAPER - INFO - Iniciando scraping para Almería para el 2025-05-30
2025-05-30 02:32:54,797 - SCRAPER - INFO - Obteniendo resultados de dest_id 1363 (Almería) el 2025-05-30...
2025-05-30 02:32:56,532 - SCRAPER - INFO - Encontrados 25 hoteles en la página de resultados de búsqueda de Almería.
2025-05-30 02:34:08,481 - SCRAPER - INFO - Inicio de scraper booking.
2025-05-30 02:34:08,482 - SCRAPER - INFO - Iniciando scraping para Almería para el 2025-05-30
2025-05-30 02:34:08,819 - SCRAPER - INFO - Obteniendo resultados de dest_id 1363 (Almería) el 2025-05-30...
2025-05-30 02:34:10,183 - SCRAPER - INFO - Encontrados 25 hoteles en la página de resultados de búsqueda de Almería.
2025-05-30 02:35:22,026 - SCRAPER - INFO - Inicio de scraper booking.
2025-05-30 02:35:22,026 - SCRAPER - INFO - Iniciando scraping para Almería para el 2025-05-30
2025-05-30 02:35:22,484 - SCRAPER - INFO - Obteniendo resultados de dest_id 1363 (Almería) el 2025-05-30...
2025-05-30 02:35:23,942 - SCRAPER - INFO - Encontrados 25 hoteles en la página de resultados de búsqueda de Almería.
2025-05-30 02:36:35,787 - SCRAPER - INFO - Inicio de scraper booking.
2025-05-30 02:36:35,787 - SCRAPER - INFO - Iniciando scraping para Almería para el 2025-05-30
2025-05-30 02:36:36,176 - SCRAPER - INFO - Obteniendo resultados de dest_id 1363 (Almería) el 2025-05-30...
2025-05-30 02:36:37,795 - SCRAPER - INFO - Encontrados 25 hoteles en la página de resultados de búsqueda de Almería.
2025-05-30 02:37:50,269 - SCRAPER - INFO - Inicio de scraper booking.
2025-05-30 02:37:50,269 - SCRAPER - INFO - Iniciando scraping para Almería para el 2025-05-30
2025-05-30 02:37:50,653 - SCRAPER - INFO - Obteniendo resultados de dest_id 1363 (Almería) el 2025-05-30...
2025-05-30 02:37:52,344 - SCRAPER - INFO - Encontrados 25 hoteles en la página de resultados de búsqueda de Almería.
2025-05-30 02:39:05,787 - SCRAPER - INFO - Inicio de scraper booking.
2025-05-30 02:39:05,787 - SCRAPER - INFO - Iniciando scraping para Almería para el 2025-05-30
2025-05-30 02:39:06,164 - SCRAPER - INFO - Obteniendo resultados de dest_id 1363 (Almería) el 2025-05-30...
2025-05-30 02:39:07,780 - SCRAPER - INFO - Encontrados 25 hoteles en la página de resultados de búsqueda de Almería.
2025-05-30 02:40:20,256 - SCRAPER - INFO - Inicio de scraper booking.
2025-05-30 02:40:20,256 - SCRAPER - INFO - Iniciando scraping para Almería para el 2025-05-30
2025-05-30 02:40:20,758 - SCRAPER - INFO - Obteniendo resultados de dest_id 1363 (Almería) el 2025-05-30...
2025-05-30 02:40:22,268 - SCRAPER - INFO - Encontrados 25 hoteles en la página de resultados de búsqueda de Almería.
2025-05-30 02:41:35,553 - SCRAPER - INFO - Inicio de scraper booking.
2025-05-30 02:41:35,553 - SCRAPER - INFO - Iniciando scraping para Almería para el 2025-05-30
2025-05-30 02:41:36,064 - SCRAPER - INFO - Obteniendo resultados de dest_id 1363 (Almería) el 2025-05-30...
2025-05-30 02:41:37,590 - SCRAPER - INFO - Encontrados 25 hoteles en la página de resultados de búsqueda de Almería.
2025-05-30 02:42:50,593 - SCRAPER - INFO - Inicio de scraper booking.
2025-05-30 02:42:50,593 - SCRAPER - INFO - Iniciando scraping para Almería para el 2025-05-30
2025-05-30 02:42:50,932 - SCRAPER - INFO - Obteniendo resultados de dest_id 1363 (Almería) el 2025-05-30...
2025-05-30 02:42:52,764 - SCRAPER - INFO - Encontrados 25 hoteles en la página de resultados de búsqueda de Almería.
2025-05-30 02:44:03,622 - SCRAPER - INFO - Inicio de scraper booking.
2025-05-30 02:44:03,622 - SCRAPER - INFO - Iniciando scraping para Almería para el 2025-05-30
2025-05-30 02:44:04,055 - SCRAPER - INFO - Obteniendo resultados de dest_id 1363 (Almería) el 2025-05-30...
2025-05-30 02:44:05,649 - SCRAPER - INFO - Encontrados 25 hoteles en la página de resultados de búsqueda de Almería.
2025-05-30 02:45:17,062 - SCRAPER - INFO - Inicio de scraper booking.
2025-05-30 02:45:17,062 - SCRAPER - INFO - Iniciando scraping para Almería para el 2025-05-30
2025-05-30 02:45:17,545 - SCRAPER - INFO - Obteniendo resultados de dest_id 1363 (Almería) el 2025-05-30...
2025-05-30 02:45:19,056 - SCRAPER - INFO - Encontrados 25 hoteles en la página de resultados de búsqueda de Almería.
2025-05-30 02:46:32,959 - SCRAPER - INFO - Inicio de scraper booking.
2025-05-30 02:46:32,959 - SCRAPER - INFO - Iniciando scraping para Almería para el 2025-05-30
2025-05-30 02:46:33,301 - SCRAPER - INFO - Obteniendo resultados de dest_id 1363 (Almería) el 2025-05-30...
2025-05-30 02:46:35,101 - SCRAPER - INFO - Encontrados 25 hoteles en la página de resultados de búsqueda de Almería.
2025-05-30 02:47:48,589 - SCRAPER - INFO - Inicio de scraper booking.
2025-05-30 02:47:48,589 - SCRAPER - INFO - Iniciando scraping para Almería para el 2025-05-30
2025-05-30 02:47:49,018 - SCRAPER - INFO - Obteniendo resultados de dest_id 1363 (Almería) el 2025-05-30...
2025-05-30 02:47:50,507 - SCRAPER - INFO - Encontrados 25 hoteles en la página de resultados de búsqueda de Almería.
2025-05-30 02:49:04,042 - SCRAPER - INFO - Inicio de scraper booking.
2025-05-30 02:49:04,042 - SCRAPER - INFO - Iniciando scraping para Almería para el 2025-05-30
2025-05-30 02:49:04,430 - SCRAPER - INFO - Obteniendo resultados de dest_id 1363 (Almería) el 2025-05-30...
2025-05-30 02:49:05,831 - SCRAPER - INFO - Encontrados 25 hoteles en la página de resultados de búsqueda de Almería.
2025-05-30 02:50:18,985 - SCRAPER - INFO - Inicio de scraper booking.
2025-05-30 02:50:18,986 - SCRAPER - INFO - Iniciando scraping para Almería para el 2025-05-30
2025-05-30 02:50:19,437 - SCRAPER - INFO - Obteniendo resultados de dest_id 1363 (Almería) el 2025-05-30...
2025-05-30 02:50:20,881 - SCRAPER - INFO - Encontrados 25 hoteles en la página de resultados de búsqueda de Almería.
2025-05-30 02:51:33,325 - SCRAPER - INFO - Inicio de scraper booking.
2025-05-30 02:51:33,325 - SCRAPER - INFO - Iniciando scraping para Almería para el 2025-05-30
2025-05-30 02:51:33,705 - SCRAPER - INFO - Obteniendo resultados de dest_id 1363 (Almería) el 2025-05-30...
2025-05-30 02:51:35,166 - SCRAPER - INFO - Encontrados 25 hoteles en la página de resultados de búsqueda de Almería.
2025-05-30 02:52:47,172 - SCRAPER - INFO - Inicio de scraper booking.
2025-05-30 02:52:47,172 - SCRAPER - INFO - Iniciando scraping para Almería para el 2025-05-30
2025-05-30 02:52:47,498 - SCRAPER - INFO - Obteniendo resultados de dest_id 1363 (Almería) el 2025-05-30...
2025-05-30 02:52:48,992 - SCRAPER - INFO - Encontrados 25 hoteles en la página de resultados de búsqueda de Almería.
2025-05-30 02:54:01,377 - SCRAPER - INFO - Inicio de scraper booking.
2025-05-30 02:54:01,377 - SCRAPER - INFO - Iniciando scraping para Almería para el 2025-05-30
2025-05-30 02:54:01,863 - SCRAPER - INFO - Obteniendo resultados de dest_id 1363 (Almería) el 2025-05-30...
2025-05-30 02:54:03,290 - SCRAPER - INFO - Encontrados 25 hoteles en la página de resultados de búsqueda de Almería.
2025-05-30 02:55:15,923 - SCRAPER - INFO - Inicio de scraper booking.
2025-05-30 02:55:15,924 - SCRAPER - INFO - Iniciando scraping para Almería para el 2025-05-30
2025-05-30 02:55:16,315 - SCRAPER - INFO - Obteniendo resultados de dest_id 1363 (Almería) el 2025-05-30...
2025-05-30 02:55:17,905 - SCRAPER - INFO - Encontrados 25 hoteles en la página de resultados de búsqueda de Almería.
2025-05-30 02:56:29,056 - SCRAPER - INFO - Inicio de scraper booking.
2025-05-30 02:56:29,056 - SCRAPER - INFO - Iniciando scraping para Almería para el 2025-05-30
2025-05-30 02:56:29,381 - SCRAPER - INFO - Obteniendo resultados de dest_id 1363 (Almería) el 2025-05-30...
2025-05-30 02:56:30,765 - SCRAPER - INFO - Encontrados 25 hoteles en la página de resultados de búsqueda de Almería.
2025-05-30 02:57:41,704 - SCRAPER - INFO - Inicio de scraper booking.
2025-05-30 02:57:41,704 - SCRAPER - INFO - Iniciando scraping para Almería para el 2025-05-30
2025-05-30 02:57:42,090 - SCRAPER - INFO - Obteniendo resultados de dest_id 1363 (Almería) el 2025-05-30...
2025-05-30 02:57:43,514 - SCRAPER - INFO - Encontrados 25 hoteles en la página de resultados de búsqueda de Almería.
2025-05-30 02:58:54,797 - SCRAPER - INFO - Inicio de scraper booking.
2025-05-30 02:58:54,797 - SCRAPER - INFO - Iniciando scraping para Almería para el 2025-05-30
2025-05-30 02:58:55,233 - SCRAPER - INFO - Obteniendo resultados de dest_id 1363 (Almería) el 2025-05-30...
2025-05-30 02:58:56,813 - SCRAPER - INFO - Encontrados 25 hoteles en la página de resultados de búsqueda de Almería.
2025-05-30 03:00:09,676 - SCRAPER - INFO - Inicio de scraper booking.
2025-05-30 03:00:09,677 - SCRAPER - INFO - Iniciando scraping para Almería para el 2025-05-30
2025-05-30 03:00:10,113 - SCRAPER - INFO - Obteniendo resultados de dest_id 1363 (Almería) el 2025-05-30...
2025-05-30 03:00:11,519 - SCRAPER - INFO - Encontrados 25 hoteles en la página de resultados de búsqueda de Almería.
2025-05-30 03:01:23,924 - SCRAPER - INFO - Inicio de scraper booking.
2025-05-30 03:01:23,924 - SCRAPER - INFO - Iniciando scraping para Almería para el 2025-05-30
2025-05-30 03:01:24,306 - SCRAPER - INFO - Obteniendo resultados de dest_id 1363 (Almería) el 2025-05-30...
2025-05-30 03:01:25,917 - SCRAPER - INFO - Encontrados 25 hoteles en la página de resultados de búsqueda de Almería.
2025-05-30 03:02:38,583 - SCRAPER - INFO - Inicio de scraper booking.
2025-05-30 03:02:38,583 - SCRAPER - INFO - Iniciando scraping para Almería para el 2025-05-30
2025-05-30 03:02:38,901 - SCRAPER - INFO - Obteniendo resultados de dest_id 1363 (Almería) el 2025-05-30...
2025-05-30 03:02:40,602 - SCRAPER - INFO - Encontrados 25 hoteles en la página de resultados de búsqueda de Almería.
2025-05-30 03:03:52,898 - SCRAPER - INFO - Inicio de scraper booking.
2025-05-30 03:03:52,898 - SCRAPER - INFO - Iniciando scraping para Almería para el 2025-05-30
2025-05-30 03:03:53,228 - SCRAPER - INFO - Obteniendo resultados de dest_id 1363 (Almería) el 2025-05-30...
2025-05-30 03:03:55,015 - SCRAPER - INFO - Encontrados 25 hoteles en la página de resultados de búsqueda de Almería.
2025-05-30 03:05:07,472 - SCRAPER - INFO - Inicio de scraper booking.
2025-05-30 03:05:07,472 - SCRAPER - INFO - Iniciando scraping para Almería para el 2025-05-30
2025-05-30 03:05:07,890 - SCRAPER - INFO - Obteniendo resultados de dest_id 1363 (Almería) el 2025-05-30...
2025-05-30 03:05:09,327 - SCRAPER - INFO - Encontrados 25 hoteles en la página de resultados de búsqueda de Almería.
2025-05-30 03:06:20,530 - SCRAPER - INFO - Inicio de scraper booking.
2025-05-30 03:06:20,530 - SCRAPER - INFO - Iniciando scraping para Almería para el 2025-05-30
2025-05-30 03:06:21,020 - SCRAPER - INFO - Obteniendo resultados de dest_id 1363 (Almería) el 2025-05-30...
2025-05-30 03:06:22,483 - SCRAPER - INFO - Encontrados 25 hoteles en la página de resultados de búsqueda de Almería.
2025-05-30 03:07:34,913 - SCRAPER - INFO - Inicio de scraper booking.
2025-05-30 03:07:34,913 - SCRAPER - INFO - Iniciando scraping para Almería para el 2025-05-30
2025-05-30 03:07:35,317 - SCRAPER - INFO - Obteniendo resultados de dest_id 1363 (Almería) el 2025-05-30...
2025-05-30 03:07:37,023 - SCRAPER - INFO - Encontrados 25 hoteles en la página de resultados de búsqueda de Almería.
2025-05-30 03:08:48,709 - SCRAPER - INFO - Inicio de scraper booking.
2025-05-30 03:08:48,709 - SCRAPER - INFO - Iniciando scraping para Almería para el 2025-05-30
2025-05-30 03:08:49,013 - SCRAPER - INFO - Obteniendo resultados de dest_id 1363 (Almería) el 2025-05-30...
2025-05-30 03:08:50,510 - SCRAPER - INFO - Encontrados 25 hoteles en la página de resultados de búsqueda de Almería.
2025-05-30 03:10:02,958 - SCRAPER - INFO - Inicio de scraper booking.
2025-05-30 03:10:02,959 - SCRAPER - INFO - Iniciando scraping para Almería para el 2025-05-30
2025-05-30 03:10:03,362 - SCRAPER - INFO - Obteniendo resultados de dest_id 1363 (Almería) el 2025-05-30...
2025-05-30 03:10:04,855 - SCRAPER - INFO - Encontrados 25 hoteles en la página de resultados de búsqueda de Almería.
2025-05-30 03:11:21,737 - SCRAPER - INFO - Inicio de scraper booking.
2025-05-30 03:11:21,737 - SCRAPER - INFO - Iniciando scraping para Almería para el 2025-05-30
2025-05-30 03:11:22,080 - SCRAPER - INFO - Obteniendo resultados de dest_id 1363 (Almería) el 2025-05-30...
2025-05-30 03:11:24,287 - SCRAPER - INFO - Encontrados 25 hoteles en la página de resultados de búsqueda de Almería.
2025-05-30 03:12:50,867 - SCRAPER - INFO - Inicio de scraper booking.
2025-05-30 03:12:50,867 - SCRAPER - INFO - Iniciando scraping para Almería para el 2025-05-30
2025-05-30 03:12:51,295 - SCRAPER - INFO - Obteniendo resultados de dest_id 1363 (Almería) el 2025-05-30...
2025-05-30 03:12:52,730 - SCRAPER - INFO - Encontrados 25 hoteles en la página de resultados de búsqueda de Almería.
2025-05-30 03:14:04,177 - SCRAPER - INFO - Inicio de scraper booking.
2025-05-30 03:14:04,177 - SCRAPER - INFO - Iniciando scraping para Almería para el 2025-05-30
2025-05-30 03:14:04,666 - SCRAPER - INFO - Obteniendo resultados de dest_id 1363 (Almería) el 2025-05-30...
2025-05-30 03:14:06,287 - SCRAPER - INFO - Encontrados 25 hoteles en la página de resultados de búsqueda de Almería.
2025-05-30 03:15:20,064 - SCRAPER - INFO - Inicio de scraper booking.
2025-05-30 03:15:20,064 - SCRAPER - INFO - Iniciando scraping para Almería para el 2025-05-30
2025-05-30 03:15:20,479 - SCRAPER - INFO - Obteniendo resultados de dest_id 1363 (Almería) el 2025-05-30...
2025-05-30 03:15:21,969 - SCRAPER - INFO - Encontrados 25 hoteles en la página de resultados de búsqueda de Almería.
2025-05-30 03:16:33,884 - SCRAPER - INFO - Inicio de scraper booking.
2025-05-30 03:16:33,884 - SCRAPER - INFO - Iniciando scraping para Almería para el 2025-05-30
2025-05-30 03:16:34,203 - SCRAPER - INFO - Obteniendo resultados de dest_id 1363 (Almería) el 2025-05-30...
2025-05-30 03:16:35,809 - SCRAPER - INFO - Encontrados 25 hoteles en la página de resultados de búsqueda de Almería.
2025-05-30 03:17:46,573 - SCRAPER - INFO - Inicio de scraper booking.
2025-05-30 03:17:46,573 - SCRAPER - INFO - Iniciando scraping para Almería para el 2025-05-30
2025-05-30 03:17:47,057 - SCRAPER - INFO - Obteniendo resultados de dest_id 1363 (Almería) el 2025-05-30...
2025-05-30 03:17:48,715 - SCRAPER - INFO - Encontrados 25 hoteles en la página de resultados de búsqueda de Almería.
2025-05-30 03:19:01,710 - SCRAPER - INFO - Inicio de scraper booking.
2025-05-30 03:19:01,710 - SCRAPER - INFO - Iniciando scraping para Almería para el 2025-05-30
2025-05-30 03:19:02,167 - SCRAPER - INFO - Obteniendo resultados de dest_id 1363 (Almería) el 2025-05-30...
2025-05-30 03:19:03,845 - SCRAPER - INFO - Encontrados 25 hoteles en la página de resultados de búsqueda de Almería.
2025-05-30 03:20:15,553 - SCRAPER - INFO - Inicio de scraper booking.
2025-05-30 03:20:15,554 - SCRAPER - INFO - Iniciando scraping para Almería para el 2025-05-30
2025-05-30 03:20:16,095 - SCRAPER - INFO - Obteniendo resultados de dest_id 1363 (Almería) el 2025-05-30...
2025-05-30 03:20:17,808 - SCRAPER - INFO - Encontrados 25 hoteles en la página de resultados de búsqueda de Almería.
2025-05-30 03:21:30,421 - SCRAPER - INFO - Inicio de scraper booking.
2025-05-30 03:21:30,421 - SCRAPER - INFO - Iniciando scraping para Almería para el 2025-05-30
2025-05-30 03:21:30,877 - SCRAPER - INFO - Obteniendo resultados de dest_id 1363 (Almería) el 2025-05-30...
2025-05-30 03:21:32,634 - SCRAPER - INFO - Encontrados 25 hoteles en la página de resultados de búsqueda de Almería.
2025-05-30 03:22:45,458 - SCRAPER - INFO - Inicio de scraper booking.
2025-05-30 03:22:45,458 - SCRAPER - INFO - Iniciando scraping para Almería para el 2025-05-30
2025-05-30 03:22:45,784 - SCRAPER - INFO - Obteniendo resultados de dest_id 1363 (Almería) el 2025-05-30...
2025-05-30 03:22:47,648 - SCRAPER - INFO - Encontrados 25 hoteles en la página de resultados de búsqueda de Almería.
2025-05-30 03:24:02,445 - SCRAPER - INFO - Inicio de scraper booking.
2025-05-30 03:24:02,445 - SCRAPER - INFO - Iniciando scraping para Almería para el 2025-05-30
2025-05-30 03:24:02,803 - SCRAPER - INFO - Obteniendo resultados de dest_id 1363 (Almería) el 2025-05-30...
2025-05-30 03:24:04,350 - SCRAPER - INFO - Encontrados 25 hoteles en la página de resultados de búsqueda de Almería.
2025-05-30 03:25:15,746 - SCRAPER - INFO - Inicio de scraper booking.
2025-05-30 03:25:15,746 - SCRAPER - INFO - Iniciando scraping para Almería para el 2025-05-30
2025-05-30 03:25:16,095 - SCRAPER - INFO - Obteniendo resultados de dest_id 1363 (Almería) el 2025-05-30...
2025-05-30 03:25:17,534 - SCRAPER - INFO - Encontrados 25 hoteles en la página de resultados de búsqueda de Almería.
2025-05-30 03:26:28,609 - SCRAPER - INFO - Inicio de scraper booking.
2025-05-30 03:26:28,609 - SCRAPER - INFO - Iniciando scraping para Almería para el 2025-05-30
2025-05-30 03:26:29,070 - SCRAPER - INFO - Obteniendo resultados de dest_id 1363 (Almería) el 2025-05-30...
2025-05-30 03:26:30,607 - SCRAPER - INFO - Encontrados 25 hoteles en la página de resultados de búsqueda de Almería.
2025-05-30 03:27:41,924 - SCRAPER - INFO - Inicio de scraper booking.
2025-05-30 03:27:41,925 - SCRAPER - INFO - Iniciando scraping para Almería para el 2025-05-30
2025-05-30 03:27:42,298 - SCRAPER - INFO - Obteniendo resultados de dest_id 1363 (Almería) el 2025-05-30...
2025-05-30 03:27:43,850 - SCRAPER - INFO - Encontrados 25 hoteles en la página de resultados de búsqueda de Almería.
2025-05-30 03:28:56,850 - SCRAPER - INFO - Inicio de scraper booking.
2025-05-30 03:28:56,850 - SCRAPER - INFO - Iniciando scraping para Almería para el 2025-05-30
2025-05-30 03:28:57,207 - SCRAPER - INFO - Obteniendo resultados de dest_id 1363 (Almería) el 2025-05-30...
2025-05-30 03:28:58,753 - SCRAPER - INFO - Encontrados 25 hoteles en la página de resultados de búsqueda de Almería.
2025-05-30 03:30:11,203 - SCRAPER - INFO - Inicio de scraper booking.
2025-05-30 03:30:11,204 - SCRAPER - INFO - Iniciando scraping para Almería para el 2025-05-30
2025-05-30 03:30:11,610 - SCRAPER - INFO - Obteniendo resultados de dest_id 1363 (Almería) el 2025-05-30...
2025-05-30 03:30:13,109 - SCRAPER - INFO - Encontrados 25 hoteles en la página de resultados de búsqueda de Almería.
2025-05-30 03:31:26,890 - SCRAPER - INFO - Inicio de scraper booking.
2025-05-30 03:31:26,890 - SCRAPER - INFO - Iniciando scraping para Almería para el 2025-05-30
2025-05-30 03:31:27,294 - SCRAPER - INFO - Obteniendo resultados de dest_id 1363 (Almería) el 2025-05-30...
2025-05-30 03:31:28,815 - SCRAPER - INFO - Encontrados 25 hoteles en la página de resultados de búsqueda de Almería.
2025-05-30 18:06:57,245 - SCRAPER - INFO - Inicio de scraper booking.
2025-05-30 18:06:57,246 - SCRAPER - INFO - Iniciando scraping para Almería para el 2025-05-30
2025-05-30 18:06:57,737 - SCRAPER - INFO - Obteniendo resultados de dest_id 1363 (Almería) el 2025-05-30...
2025-05-30 18:06:59,554 - SCRAPER - INFO - Encontrados 25 hoteles en la página de resultados de búsqueda de Almería.
2025-05-30 18:08:03,493 - SCRAPER - INFO - Inicio de scraper booking.
2025-05-30 18:08:03,495 - SCRAPER - INFO - Iniciando scraping para Almería para el 2025-05-30
2025-05-30 18:08:03,902 - SCRAPER - INFO - Obteniendo resultados de dest_id 1363 (Almería) el 2025-05-30...
2025-05-30 18:08:05,399 - SCRAPER - INFO - Encontrados 25 hoteles en la página de resultados de búsqueda de Almería.
2025-05-30 18:09:11,841 - SCRAPER - INFO - Inicio de scraper booking.
2025-05-30 18:09:11,842 - SCRAPER - INFO - Iniciando scraping para Almería para el 2025-05-30
2025-05-30 18:09:12,301 - SCRAPER - INFO - Obteniendo resultados de dest_id 1363 (Almería) el 2025-05-30...
2025-05-30 18:09:13,858 - SCRAPER - INFO - Encontrados 25 hoteles en la página de resultados de búsqueda de Almería.
2025-05-30 18:10:22,552 - SCRAPER - INFO - Inicio de scraper booking.
2025-05-30 18:10:22,554 - SCRAPER - INFO - Iniciando scraping para Almería para el 2025-05-30
2025-05-30 18:10:23,042 - SCRAPER - INFO - Obteniendo resultados de dest_id 1363 (Almería) el 2025-05-30...
2025-05-30 18:10:24,512 - SCRAPER - INFO - Encontrados 25 hoteles en la página de resultados de búsqueda de Almería.
2025-05-30 18:42:25,678 - SCRAPER - INFO - Inicio de scraper booking.
2025-05-30 18:42:25,678 - SCRAPER - INFO - Iniciando scraping para Almería para el 2025-05-30
2025-05-30 18:42:26,100 - SCRAPER - INFO - Obteniendo resultados de dest_id 1363 (Almería) el 2025-05-30...
2025-05-30 18:42:27,575 - SCRAPER - INFO - Encontrados 25 hoteles en la página de resultados de búsqueda de Almería.
2025-05-30 18:43:32,071 - SCRAPER - INFO - Inicio de scraper booking.
2025-05-30 18:43:32,071 - SCRAPER - INFO - Iniciando scraping para Almería para el 2025-05-30
2025-05-30 18:43:32,556 - SCRAPER - INFO - Obteniendo resultados de dest_id 1363 (Almería) el 2025-05-30...
2025-05-30 18:43:34,092 - SCRAPER - INFO - Encontrados 25 hoteles en la página de resultados de búsqueda de Almería.
2025-05-30 18:44:40,937 - SCRAPER - INFO - Inicio de scraper booking.
2025-05-30 18:44:40,937 - SCRAPER - INFO - Iniciando scraping para Almería para el 2025-05-30
2025-05-30 18:44:41,423 - SCRAPER - INFO - Obteniendo resultados de dest_id 1363 (Almería) el 2025-05-30...
2025-05-30 18:44:42,880 - SCRAPER - INFO - Encontrados 25 hoteles en la página de resultados de búsqueda de Almería.
2025-05-30 18:45:47,864 - SCRAPER - INFO - Inicio de scraper booking.
2025-05-30 18:45:47,865 - SCRAPER - INFO - Iniciando scraping para Almería para el 2025-05-30
2025-05-30 18:45:48,165 - SCRAPER - INFO - Obteniendo resultados de dest_id 1363 (Almería) el 2025-05-30...
2025-05-30 18:45:49,579 - SCRAPER - INFO - Encontrados 25 hoteles en la página de resultados de búsqueda de Almería.
