 2025-06-25. Guardado en /data/out/cordoba_20250625.ndjson
2025-05-27 23:59:27,552 - SCRAPER - INFO - Iniciando scraping para Jaen para el 2025-05-27
2025-05-27 23:59:27,974 - SCRAPER - INFO - Obteniendo resultados de dest_id 759 (Jaen) el 2025-05-27...
2025-05-27 23:59:29,455 - SCRAPER - INFO - Encontrados 25 hoteles en la página de resultados de búsqueda de Jaen.
2025-05-28 00:00:23,896 - SCRAPER - INFO - Fin de scraping para Jaen para el 2025-05-27. Guardado en /data/out/jaen_20250527.ndjson
2025-05-28 00:00:23,896 - SCRAPER - INFO - Iniciando scraping para Jaen para el 2025-05-28
2025-05-28 00:00:24,261 - SCRAPER - INFO - Obteniendo resultados de dest_id 759 (Jaen) el 2025-05-28...
2025-05-28 00:00:25,672 - SCRAPER - INFO - Encontrados 25 hoteles en la página de resultados de búsqueda de Jaen.
2025-05-28 00:01:27,115 - SCRAPER - INFO - Fin de scraping para Jaen para el 2025-05-28. Guardado en /data/out/jaen_20250528.ndjson
2025-05-28 00:01:27,115 - SCRAPER - INFO - Iniciando scraping para Jaen para el 2025-05-29
2025-05-28 00:01:27,505 - SCRAPER - INFO - Obteniendo resultados de dest_id 759 (Jaen) el 2025-05-29...
2025-05-28 00:01:28,969 - SCRAPER - INFO - Encontrados 25 hoteles en la página de resultados de búsqueda de Jaen.
2025-05-28 00:02:28,868 - SCRAPER - INFO - Fin de scraping para Jaen para el 2025-05-29. Guardado en /data/out/jaen_20250529.ndjson
2025-05-28 00:02:28,868 - SCRAPER - INFO - Iniciando scraping para Jaen para el 2025-05-30
2025-05-28 00:02:29,222 - SCRAPER - INFO - Obteniendo resultados de dest_id 759 (Jaen) el 2025-05-30...
2025-05-28 00:02:30,781 - SCRAPER - INFO - Encontrados 25 hoteles en la página de resultados de búsqueda de Jaen.
2025-05-28 00:03:33,112 - SCRAPER - INFO - Fin de scraping para Jaen para el 2025-05-30. Guardado en /data/out/jaen_20250530.ndjson
2025-05-28 00:03:33,112 - SCRAPER - INFO - Iniciando scraping para Jaen para el 2025-05-31
2025-05-28 00:03:33,696 - SCRAPER - INFO - Obteniendo resultados de dest_id 759 (Jaen) el 2025-05-31...
2025-05-28 00:03:35,142 - SCRAPER - INFO - Encontrados 25 hoteles en la página de resultados de búsqueda de Jaen.
2025-05-28 00:04:34,579 - SCRAPER - INFO - Fin de scraping para Jaen para el 2025-05-31. Guardado en /data/out/jaen_20250531.ndjson
2025-05-28 00:04:34,579 - SCRAPER - INFO - Iniciando scraping para Jaen para el 2025-06-01
2025-05-28 00:04:35,024 - SCRAPER - INFO - Obteniendo resultados de dest_id 759 (Jaen) el 2025-06-01...
2025-05-28 00:04:36,363 - SCRAPER - INFO - Encontrados 25 hoteles en la página de resultados de búsqueda de Jaen.
2025-05-28 00:05:43,763 - SCRAPER - INFO - Fin de scraping para Jaen para el 2025-06-01. Guardado en /data/out/jaen_20250601.ndjson
2025-05-28 00:05:43,763 - SCRAPER - INFO - Iniciando scraping para Jaen para el 2025-06-02
2025-05-28 00:05:44,180 - SCRAPER - INFO - Obteniendo resultados de dest_id 759 (Jaen) el 2025-06-02...
2025-05-28 00:05:45,583 - SCRAPER - INFO - Encontrados 25 hoteles en la página de resultados de búsqueda de Jaen.
2025-05-28 00:06:48,061 - SCRAPER - INFO - Fin de scraping para Jaen para el 2025-06-02. Guardado en /data/out/jaen_20250602.ndjson
2025-05-28 00:06:48,061 - SCRAPER - INFO - Iniciando scraping para Jaen para el 2025-06-03
2025-05-28 00:06:48,561 - SCRAPER - INFO - Obteniendo resultados de dest_id 759 (Jaen) el 2025-06-03...
2025-05-28 00:06:49,961 - SCRAPER - INFO - Encontrados 25 hoteles en la página de resultados de búsqueda de Jaen.
2025-05-28 00:07:53,962 - SCRAPER - INFO - Fin de scraping para Jaen para el 2025-06-03. Guardado en /data/out/jaen_20250603.ndjson
2025-05-28 00:07:53,962 - SCRAPER - INFO - Iniciando scraping para Jaen para el 2025-06-04
2025-05-28 00:07:54,455 - SCRAPER - INFO - Obteniendo resultados de dest_id 759 (Jaen) el 2025-06-04...
2025-05-28 00:07:55,987 - SCRAPER - INFO - Encontrados 25 hoteles en la página de resultados de búsqueda de Jaen.
2025-05-28 00:08:59,808 - SCRAPER - INFO - Fin de scraping para Jaen para el 2025-06-04. Guardado en /data/out/jaen_20250604.ndjson
2025-05-28 00:08:59,808 - SCRAPER - INFO - Iniciando scraping para Jaen para el 2025-06-05
2025-05-28 00:09:00,200 - SCRAPER - INFO - Obteniendo resultados de dest_id 759 (Jaen) el 2025-06-05...
2025-05-28 00:09:01,641 - SCRAPER - INFO - Encontrados 25 hoteles en la página de resultados de búsqueda de Jaen.
2025-05-28 00:10:04,900 - SCRAPER - INFO - Fin de scraping para Jaen para el 2025-06-05. Guardado en /data/out/jaen_20250605.ndjson
2025-05-28 00:10:04,900 - SCRAPER - INFO - Iniciando scraping para Jaen para el 2025-06-06
2025-05-28 00:10:05,382 - SCRAPER - INFO - Obteniendo resultados de dest_id 759 (Jaen) el 2025-06-06...
2025-05-28 00:10:06,797 - SCRAPER - INFO - Encontrados 25 hoteles en la página de resultados de búsqueda de Jaen.
2025-05-28 00:11:10,515 - SCRAPER - INFO - Fin de scraping para Jaen para el 2025-06-06. Guardado en /data/out/jaen_20250606.ndjson
2025-05-28 00:11:10,515 - SCRAPER - INFO - Iniciando scraping para Jaen para el 2025-06-07
2025-05-28 00:11:10,921 - SCRAPER - INFO - Obteniendo resultados de dest_id 759 (Jaen) el 2025-06-07...
2025-05-28 00:11:12,317 - SCRAPER - INFO - Encontrados 25 hoteles en la página de resultados de búsqueda de Jaen.
2025-05-28 00:12:12,122 - SCRAPER - INFO - Fin de scraping para Jaen para el 2025-06-07. Guardado en /data/out/jaen_20250607.ndjson
2025-05-28 00:12:12,122 - SCRAPER - INFO - Iniciando scraping para Jaen para el 2025-06-08
2025-05-28 00:12:12,470 - SCRAPER - INFO - Obteniendo resultados de dest_id 759 (Jaen) el 2025-06-08...
2025-05-28 00:12:14,059 - SCRAPER - INFO - Encontrados 25 hoteles en la página de resultados de búsqueda de Jaen.
2025-05-28 00:13:17,907 - SCRAPER - INFO - Fin de scraping para Jaen para el 2025-06-08. Guardado en /data/out/jaen_20250608.ndjson
2025-05-28 00:13:17,907 - SCRAPER - INFO - Iniciando scraping para Jaen para el 2025-06-09
2025-05-28 00:13:18,231 - SCRAPER - INFO - Obteniendo resultados de dest_id 759 (Jaen) el 2025-06-09...
2025-05-28 00:13:19,893 - SCRAPER - INFO - Encontrados 25 hoteles en la página de resultados de búsqueda de Jaen.
2025-05-28 00:14:24,961 - SCRAPER - INFO - Fin de scraping para Jaen para el 2025-06-09. Guardado en /data/out/jaen_20250609.ndjson
2025-05-28 00:14:24,961 - SCRAPER - INFO - Iniciando scraping para Jaen para el 2025-06-10
2025-05-28 00:14:25,443 - SCRAPER - INFO - Obteniendo resultados de dest_id 759 (Jaen) el 2025-06-10...
2025-05-28 00:14:26,899 - SCRAPER - INFO - Encontrados 25 hoteles en la página de resultados de búsqueda de Jaen.
2025-05-28 00:15:34,508 - SCRAPER - INFO - Fin de scraping para Jaen para el 2025-06-10. Guardado en /data/out/jaen_20250610.ndjson
2025-05-28 00:15:34,508 - SCRAPER - INFO - Iniciando scraping para Jaen para el 2025-06-11
2025-05-28 00:15:34,849 - SCRAPER - INFO - Obteniendo resultados de dest_id 759 (Jaen) el 2025-06-11...
2025-05-28 00:15:36,264 - SCRAPER - INFO - Encontrados 25 hoteles en la página de resultados de búsqueda de Jaen.
2025-05-28 00:16:42,607 - SCRAPER - INFO - Fin de scraping para Jaen para el 2025-06-11. Guardado en /data/out/jaen_20250611.ndjson
2025-05-28 00:16:42,607 - SCRAPER - INFO - Iniciando scraping para Jaen para el 2025-06-12
2025-05-28 00:16:43,007 - SCRAPER - INFO - Obteniendo resultados de dest_id 759 (Jaen) el 2025-06-12...
2025-05-28 00:16:44,528 - SCRAPER - INFO - Encontrados 25 hoteles en la página de resultados de búsqueda de Jaen.
2025-05-28 00:17:51,799 - SCRAPER - INFO - Fin de scraping para Jaen para el 2025-06-12. Guardado en /data/out/jaen_20250612.ndjson
2025-05-28 00:17:51,799 - SCRAPER - INFO - Iniciando scraping para Jaen para el 2025-06-13
2025-05-28 00:17:52,271 - SCRAPER - INFO - Obteniendo resultados de dest_id 759 (Jaen) el 2025-06-13...
2025-05-28 00:17:53,691 - SCRAPER - INFO - Encontrados 25 hoteles en la página de resultados de búsqueda de Jaen.
2025-05-28 00:18:54,092 - SCRAPER - INFO - Fin de scraping para Jaen para el 2025-06-13. Guardado en /data/out/jaen_20250613.ndjson
2025-05-28 00:18:54,092 - SCRAPER - INFO - Iniciando scraping para Jaen para el 2025-06-14
2025-05-28 00:18:54,411 - SCRAPER - INFO - Obteniendo resultados de dest_id 759 (Jaen) el 2025-06-14...
2025-05-28 00:18:55,872 - SCRAPER - INFO - Encontrados 25 hoteles en la página de resultados de búsqueda de Jaen.
2025-05-28 00:19:57,730 - SCRAPER - INFO - Fin de scraping para Jaen para el 2025-06-14. Guardado en /data/out/jaen_20250614.ndjson
2025-05-28 00:19:57,730 - SCRAPER - INFO - Iniciando scraping para Jaen para el 2025-06-15
2025-05-28 00:19:58,109 - SCRAPER - INFO - Obteniendo resultados de dest_id 759 (Jaen) el 2025-06-15...
2025-05-28 00:19:59,613 - SCRAPER - INFO - Encontrados 25 hoteles en la página de resultados de búsqueda de Jaen.
2025-05-28 00:21:07,618 - SCRAPER - INFO - Fin de scraping para Jaen para el 2025-06-15. Guardado en /data/out/jaen_20250615.ndjson
2025-05-28 00:21:07,618 - SCRAPER - INFO - Iniciando scraping para Jaen para el 2025-06-16
2025-05-28 00:21:07,978 - SCRAPER - INFO - Obteniendo resultados de dest_id 759 (Jaen) el 2025-06-16...
2025-05-28 00:21:09,613 - SCRAPER - INFO - Encontrados 25 hoteles en la página de resultados de búsqueda de Jaen.
2025-05-28 00:22:15,037 - SCRAPER - INFO - Fin de scraping para Jaen para el 2025-06-16. Guardado en /data/out/jaen_20250616.ndjson
2025-05-28 00:22:15,037 - SCRAPER - INFO - Iniciando scraping para Jaen para el 2025-06-17
2025-05-28 00:22:15,343 - SCRAPER - INFO - Obteniendo resultados de dest_id 759 (Jaen) el 2025-06-17...
2025-05-28 00:22:16,683 - SCRAPER - INFO - Encontrados 25 hoteles en la página de resultados de búsqueda de Jaen.
2025-05-28 00:23:19,886 - SCRAPER - INFO - Fin de scraping para Jaen para el 2025-06-17. Guardado en /data/out/jaen_20250617.ndjson
2025-05-28 00:23:19,887 - SCRAPER - INFO - Iniciando scraping para Jaen para el 2025-06-18
2025-05-28 00:23:20,332 - SCRAPER - INFO - Obteniendo resultados de dest_id 759 (Jaen) el 2025-06-18...
2025-05-28 00:23:21,746 - SCRAPER - INFO - Encontrados 25 hoteles en la página de resultados de búsqueda de Jaen.
2025-05-28 00:24:26,030 - SCRAPER - INFO - Fin de scraping para Jaen para el 2025-06-18. Guardado en /data/out/jaen_20250618.ndjson
2025-05-28 00:24:26,030 - SCRAPER - INFO - Iniciando scraping para Jaen para el 2025-06-19
2025-05-28 00:24:26,498 - SCRAPER - INFO - Obteniendo resultados de dest_id 759 (Jaen) el 2025-06-19...
2025-05-28 00:24:27,992 - SCRAPER - INFO - Encontrados 25 hoteles en la página de resultados de búsqueda de Jaen.
2025-05-28 00:25:29,677 - SCRAPER - INFO - Fin de scraping para Jaen para el 2025-06-19. Guardado en /data/out/jaen_20250619.ndjson
2025-05-28 00:25:29,677 - SCRAPER - INFO - Iniciando scraping para Jaen para el 2025-06-20
2025-05-28 00:25:30,131 - SCRAPER - INFO - Obteniendo resultados de dest_id 759 (Jaen) el 2025-06-20...
2025-05-28 00:25:31,566 - SCRAPER - INFO - Encontrados 25 hoteles en la página de resultados de búsqueda de Jaen.
2025-05-28 00:26:35,092 - SCRAPER - INFO - Fin de scraping para Jaen para el 2025-06-20. Guardado en /data/out/jaen_20250620.ndjson
2025-05-28 00:26:35,092 - SCRAPER - INFO - Iniciando scraping para Jaen para el 2025-06-21
2025-05-28 00:26:35,439 - SCRAPER - INFO - Obteniendo resultados de dest_id 759 (Jaen) el 2025-06-21...
2025-05-28 00:26:36,841 - SCRAPER - INFO - Encontrados 25 hoteles en la página de resultados de búsqueda de Jaen.
2025-05-28 00:27:36,269 - SCRAPER - INFO - Fin de scraping para Jaen para el 2025-06-21. Guardado en /data/out/jaen_20250621.ndjson
2025-05-28 00:27:36,269 - SCRAPER - INFO - Iniciando scraping para Jaen para el 2025-06-22
2025-05-28 00:27:36,762 - SCRAPER - INFO - Obteniendo resultados de dest_id 759 (Jaen) el 2025-06-22...
2025-05-28 00:27:38,244 - SCRAPER - INFO - Encontrados 25 hoteles en la página de resultados de búsqueda de Jaen.
2025-05-28 00:28:45,972 - SCRAPER - INFO - Fin de scraping para Jaen para el 2025-06-22. Guardado en /data/out/jaen_20250622.ndjson
2025-05-28 00:28:45,972 - SCRAPER - INFO - Iniciando scraping para Jaen para el 2025-06-23
2025-05-28 00:28:46,475 - SCRAPER - INFO - Obteniendo resultados de dest_id 759 (Jaen) el 2025-06-23...
2025-05-28 00:28:47,820 - SCRAPER - INFO - Encontrados 25 hoteles en la página de resultados de búsqueda de Jaen.
2025-05-28 00:29:51,197 - SCRAPER - INFO - Fin de scraping para Jaen para el 2025-06-23. Guardado en /data/out/jaen_20250623.ndjson
2025-05-28 00:29:51,197 - SCRAPER - INFO - Iniciando scraping para Jaen para el 2025-06-24
2025-05-28 00:29:51,587 - SCRAPER - INFO - Obteniendo resultados de dest_id 759 (Jaen) el 2025-06-24...
2025-05-28 00:29:52,975 - SCRAPER - INFO - Encontrados 25 hoteles en la página de resultados de búsqueda de Jaen.
2025-05-28 00:30:59,430 - SCRAPER - INFO - Fin de scraping para Jaen para el 2025-06-24. Guardado en /data/out/jaen_20250624.ndjson
2025-05-28 00:30:59,430 - SCRAPER - INFO - Iniciando scraping para Jaen para el 2025-06-25
2025-05-28 00:30:59,881 - SCRAPER - INFO - Obteniendo resultados de dest_id 759 (Jaen) el 2025-06-25...
2025-05-28 00:31:01,415 - SCRAPER - INFO - Encontrados 25 hoteles en la página de resultados de búsqueda de Jaen.
2025-05-28 00:32:05,080 - SCRAPER - INFO - Fin de scraping para Jaen para el 2025-06-25. Guardado en /data/out/jaen_20250625.ndjson
2025-05-28 00:32:05,080 - SCRAPER - INFO - Fin de scraper booking.
